<?xml version="1.0" encoding="UTF-8"?>
<testng-results skipped="0" failed="0" total="2" passed="2">
  <reporter-output>
  </reporter-output>
  <suite name="Grid" duration-ms="65689" started-at="2017-08-02T10:27:07Z" finished-at="2017-08-02T10:28:12Z">
    <groups>
    </groups>
    <test name="On chrome" duration-ms="48234" started-at="2017-08-02T10:27:07Z" finished-at="2017-08-02T10:27:55Z">
      <class name="grid.GridEg1">
        <test-method status="PASS" signature="sample(java.lang.String, java.lang.String)[pri:0, instance:grid.GridEg1@457e2f02]" name="sample" duration-ms="48188" started-at="2017-08-02T15:57:07Z" finished-at="2017-08-02T15:57:55Z">
          <params>
            <param index="0">
              <value>
                <![CDATA[chrome]]>
              </value>
            </param>
            <param index="1">
              <value>
                <![CDATA[windows]]>
              </value>
            </param>
          </params>
          <reporter-output>
          </reporter-output>
        </test-method> <!-- sample -->
      </class> <!-- grid.GridEg1 -->
    </test> <!-- On chrome -->
    <test name="On Firefox" duration-ms="65689" started-at="2017-08-02T10:27:07Z" finished-at="2017-08-02T10:28:12Z">
      <class name="grid.GridEg1">
        <test-method status="PASS" signature="sample(java.lang.String, java.lang.String)[pri:0, instance:grid.GridEg1@36d4b5c]" name="sample" duration-ms="65651" started-at="2017-08-02T15:57:07Z" finished-at="2017-08-02T15:58:12Z">
          <params>
            <param index="0">
              <value>
                <![CDATA[firefox]]>
              </value>
            </param>
            <param index="1">
              <value>
                <![CDATA[windows]]>
              </value>
            </param>
          </params>
          <reporter-output>
          </reporter-output>
        </test-method> <!-- sample -->
      </class> <!-- grid.GridEg1 -->
    </test> <!-- On Firefox -->
  </suite> <!-- Grid -->
</testng-results>
