!SESSION 2017-07-17 16:10:50.077 -----------------------------------------------
eclipse.buildId=4.4.2.M20150204-1700
java.version=1.8.0_131
java.vendor=Oracle Corporation
BootLoader constants: OS=win32, ARCH=x86_64, WS=win32, NL=en_US
Framework arguments:  -product org.eclipse.epp.package.java.product
Command-line arguments:  -os win32 -ws win32 -arch x86_64 -product org.eclipse.epp.package.java.product

!ENTRY org.eclipse.egit.ui 2 0 2017-07-17 16:14:27.189
!MESSAGE Warning: EGit couldn't detect the installation path "gitPrefix" of native Git. Hence EGit can't respect system level
Git settings which might be configured in ${gitPrefix}/etc/gitconfig under the native Git installation directory.
The most important of these settings is core.autocrlf. Git for Windows by default sets this parameter to true in
this system level configuration. The Git installation location can be configured on the
Team > Git > Configuration preference page's 'System Settings' tab.
This warning can be switched off on the Team > Git > Confirmations and Warnings preference page.

!ENTRY org.eclipse.egit.ui 2 0 2017-07-17 16:14:27.191
!MESSAGE Warning: The environment variable HOME is not set. The following directory will be used to store the Git
user global configuration and to define the default location to store repositories: 'C:\Users\Dell'. If this is
not correct please set the HOME environment variable and restart Eclipse. Otherwise Git for Windows and
EGit might behave differently since they see different configuration options.
This warning can be switched off on the Team > Git > Confirmations and Warnings preference page.
!SESSION 2017-07-19 14:21:40.177 -----------------------------------------------
eclipse.buildId=4.4.2.M20150204-1700
java.version=1.8.0_131
java.vendor=Oracle Corporation
BootLoader constants: OS=win32, ARCH=x86_64, WS=win32, NL=en_US
Framework arguments:  -product org.eclipse.epp.package.java.product
Command-line arguments:  -os win32 -ws win32 -arch x86_64 -product org.eclipse.epp.package.java.product

!ENTRY org.eclipse.egit.ui 2 0 2017-07-19 14:22:09.607
!MESSAGE Warning: EGit couldn't detect the installation path "gitPrefix" of native Git. Hence EGit can't respect system level
Git settings which might be configured in ${gitPrefix}/etc/gitconfig under the native Git installation directory.
The most important of these settings is core.autocrlf. Git for Windows by default sets this parameter to true in
this system level configuration. The Git installation location can be configured on the
Team > Git > Configuration preference page's 'System Settings' tab.
This warning can be switched off on the Team > Git > Confirmations and Warnings preference page.

!ENTRY org.eclipse.egit.ui 2 0 2017-07-19 14:22:09.637
!MESSAGE Warning: The environment variable HOME is not set. The following directory will be used to store the Git
user global configuration and to define the default location to store repositories: 'C:\Users\Dell'. If this is
not correct please set the HOME environment variable and restart Eclipse. Otherwise Git for Windows and
EGit might behave differently since they see different configuration options.
This warning can be switched off on the Team > Git > Confirmations and Warnings preference page.

!ENTRY org.eclipse.recommenders.calls.rcp 4 2 2017-07-19 16:47:00.616
!MESSAGE Proposal matching failed for [METHOD_REF]{completion:clone(), declSign:[Ljava.lang.Object;, sign:()[Ljava.lang.Object;, declKey:, key:, name:clone, replace:[292,292], token:[292,292], relevance:65}.
!STACK 0
org.eclipse.recommenders.utils.Logs$LogTraceException
	at org.eclipse.recommenders.utils.Logs$LogTraceException.newTrace(Logs.java:377)
	at org.eclipse.recommenders.utils.Logs.log(Logs.java:130)
	at org.eclipse.recommenders.internal.calls.rcp.CallCompletionSessionProcessor.process(CallCompletionSessionProcessor.java:203)
	at org.eclipse.recommenders.completion.rcp.processable.IntelligentCompletionProposalComputer.fireProcessProposal(IntelligentCompletionProposalComputer.java:243)
	at org.eclipse.recommenders.completion.rcp.processable.IntelligentCompletionProposalComputer.computeCompletionProposals(IntelligentCompletionProposalComputer.java:143)
	at org.eclipse.jdt.internal.ui.text.java.CompletionProposalComputerDescriptor.computeCompletionProposals(CompletionProposalComputerDescriptor.java:333)
	at org.eclipse.jdt.internal.ui.text.java.CompletionProposalCategory.computeCompletionProposals(CompletionProposalCategory.java:337)
	at org.eclipse.jdt.internal.ui.text.java.ContentAssistProcessor.collectProposals(ContentAssistProcessor.java:325)
	at org.eclipse.jdt.internal.ui.text.java.ContentAssistProcessor.computeCompletionProposals(ContentAssistProcessor.java:282)
	at org.eclipse.jface.text.contentassist.ContentAssistant$5.run(ContentAssistant.java:1904)
	at org.eclipse.core.runtime.SafeRunner.run(SafeRunner.java:42)
	at org.eclipse.jface.text.contentassist.ContentAssistant.computeCompletionProposals(ContentAssistant.java:1902)
	at org.eclipse.jface.text.contentassist.CompletionProposalPopup.computeProposals(CompletionProposalPopup.java:573)
	at org.eclipse.jface.text.contentassist.CompletionProposalPopup.access$16(CompletionProposalPopup.java:570)
	at org.eclipse.jface.text.contentassist.CompletionProposalPopup$2.run(CompletionProposalPopup.java:505)
	at org.eclipse.swt.custom.BusyIndicator.showWhile(BusyIndicator.java:70)
	at org.eclipse.jface.text.contentassist.CompletionProposalPopup.showProposals(CompletionProposalPopup.java:499)
	at org.eclipse.jface.text.contentassist.ContentAssistant$2.run(ContentAssistant.java:384)
	at org.eclipse.swt.widgets.RunnableLock.run(RunnableLock.java:35)
	at org.eclipse.swt.widgets.Synchronizer.runAsyncMessages(Synchronizer.java:136)
	at org.eclipse.swt.widgets.Display.runAsyncMessages(Display.java:4147)
	at org.eclipse.swt.widgets.Display.readAndDispatch(Display.java:3764)
	at org.eclipse.e4.ui.internal.workbench.swt.PartRenderingEngine$9.run(PartRenderingEngine.java:1151)
	at org.eclipse.core.databinding.observable.Realm.runWithDefault(Realm.java:332)
	at org.eclipse.e4.ui.internal.workbench.swt.PartRenderingEngine.run(PartRenderingEngine.java:1032)
	at org.eclipse.e4.ui.internal.workbench.E4Workbench.createAndRunUI(E4Workbench.java:148)
	at org.eclipse.ui.internal.Workbench$5.run(Workbench.java:636)
	at org.eclipse.core.databinding.observable.Realm.runWithDefault(Realm.java:332)
	at org.eclipse.ui.internal.Workbench.createAndRunWorkbench(Workbench.java:579)
	at org.eclipse.ui.PlatformUI.createAndRunWorkbench(PlatformUI.java:150)
	at org.eclipse.ui.internal.ide.application.IDEApplication.start(IDEApplication.java:135)
	at org.eclipse.equinox.internal.app.EclipseAppHandle.run(EclipseAppHandle.java:196)
	at org.eclipse.core.runtime.internal.adaptor.EclipseAppLauncher.runApplication(EclipseAppLauncher.java:134)
	at org.eclipse.core.runtime.internal.adaptor.EclipseAppLauncher.start(EclipseAppLauncher.java:104)
	at org.eclipse.core.runtime.adaptor.EclipseStarter.run(EclipseStarter.java:380)
	at org.eclipse.core.runtime.adaptor.EclipseStarter.run(EclipseStarter.java:235)
	at sun.reflect.NativeMethodAccessorImpl.invoke0(Native Method)
	at sun.reflect.NativeMethodAccessorImpl.invoke(Unknown Source)
	at sun.reflect.DelegatingMethodAccessorImpl.invoke(Unknown Source)
	at java.lang.reflect.Method.invoke(Unknown Source)
	at org.eclipse.equinox.launcher.Main.invokeFramework(Main.java:648)
	at org.eclipse.equinox.launcher.Main.basicRun(Main.java:603)
	at org.eclipse.equinox.launcher.Main.run(Main.java:1465)
	at org.eclipse.equinox.launcher.Main.main(Main.java:1438)
!SESSION 2017-07-20 14:21:56.508 -----------------------------------------------
eclipse.buildId=4.4.2.M20150204-1700
java.version=1.8.0_131
java.vendor=Oracle Corporation
BootLoader constants: OS=win32, ARCH=x86_64, WS=win32, NL=en_US
Framework arguments:  -product org.eclipse.epp.package.java.product
Command-line arguments:  -os win32 -ws win32 -arch x86_64 -product org.eclipse.epp.package.java.product

!ENTRY org.eclipse.egit.ui 2 0 2017-07-20 14:22:49.108
!MESSAGE Warning: EGit couldn't detect the installation path "gitPrefix" of native Git. Hence EGit can't respect system level
Git settings which might be configured in ${gitPrefix}/etc/gitconfig under the native Git installation directory.
The most important of these settings is core.autocrlf. Git for Windows by default sets this parameter to true in
this system level configuration. The Git installation location can be configured on the
Team > Git > Configuration preference page's 'System Settings' tab.
This warning can be switched off on the Team > Git > Confirmations and Warnings preference page.

!ENTRY org.eclipse.egit.ui 2 0 2017-07-20 14:22:49.257
!MESSAGE Warning: The environment variable HOME is not set. The following directory will be used to store the Git
user global configuration and to define the default location to store repositories: 'C:\Users\Dell'. If this is
not correct please set the HOME environment variable and restart Eclipse. Otherwise Git for Windows and
EGit might behave differently since they see different configuration options.
This warning can be switched off on the Team > Git > Confirmations and Warnings preference page.

!ENTRY org.eclipse.equinox.p2.discovery 4 0 2017-07-20 14:53:51.495
!MESSAGE Unexpected error while verifying site availability: Unable to read repository at https://download.ctrlflow.com/connect/updates/discovery/stable/content.jar.
!STACK 0
java.util.concurrent.ExecutionException: org.eclipse.core.runtime.CoreException: Unable to read repository at https://download.ctrlflow.com/connect/updates/discovery/stable/content.jar.
	at java.util.concurrent.FutureTask.report(Unknown Source)
	at java.util.concurrent.FutureTask.get(Unknown Source)
	at org.eclipse.equinox.internal.p2.discovery.compatibility.SiteVerifier.verifySiteAvailability(SiteVerifier.java:77)
	at org.eclipse.equinox.internal.p2.ui.discovery.wizards.CatalogViewer$7.run(CatalogViewer.java:604)
	at org.eclipse.jface.operation.ModalContext$ModalContextThread.run(ModalContext.java:122)
Caused by: org.eclipse.core.runtime.CoreException: Unable to read repository at https://download.ctrlflow.com/connect/updates/discovery/stable/content.jar.
	at org.eclipse.equinox.internal.p2.transport.ecf.RepositoryTransport.getLastModified(RepositoryTransport.java:236)
	at org.eclipse.equinox.internal.p2.discovery.compatibility.util.TransportUtil.verifyAvailability(TransportUtil.java:135)
	at org.eclipse.equinox.internal.p2.discovery.compatibility.SiteVerifier$VerifyUpdateSiteJob.call(SiteVerifier.java:135)
	at org.eclipse.equinox.internal.p2.discovery.compatibility.SiteVerifier$VerifyUpdateSiteJob.call(SiteVerifier.java:1)
	at java.util.concurrent.FutureTask.run(Unknown Source)
	at java.util.concurrent.ThreadPoolExecutor.runWorker(Unknown Source)
	at java.util.concurrent.ThreadPoolExecutor$Worker.run(Unknown Source)
	at java.lang.Thread.run(Unknown Source)
Caused by: javax.net.ssl.SSLException: hostname in certificate didn't match: <download.ctrlflow.com> != <*.your-server.de> OR <*.your-server.de> OR <your-server.de>
	at org.apache.http.conn.ssl.AbstractVerifier.verify(AbstractVerifier.java:238)
	at org.apache.http.conn.ssl.BrowserCompatHostnameVerifier.verify(BrowserCompatHostnameVerifier.java:54)
	at org.apache.http.conn.ssl.AbstractVerifier.verify(AbstractVerifier.java:159)
	at org.apache.http.conn.ssl.AbstractVerifier.verify(AbstractVerifier.java:140)
	at org.apache.http.conn.ssl.SSLSocketFactory.verifyHostname(SSLSocketFactory.java:561)
	at org.apache.http.conn.ssl.SSLSocketFactory.connectSocket(SSLSocketFactory.java:536)
	at org.apache.http.conn.ssl.SSLSocketFactory.connectSocket(SSLSocketFactory.java:403)
	at org.apache.http.impl.conn.DefaultClientConnectionOperator.openConnection(DefaultClientConnectionOperator.java:177)
	at org.apache.http.impl.conn.ManagedClientConnectionImpl.open(ManagedClientConnectionImpl.java:304)
	at org.apache.http.impl.client.DefaultRequestDirector.tryConnect(DefaultRequestDirector.java:611)
	at org.apache.http.impl.client.DefaultRequestDirector.execute(DefaultRequestDirector.java:446)
	at org.apache.http.impl.client.AbstractHttpClient.doExecute(AbstractHttpClient.java:863)
	at org.apache.http.impl.client.CloseableHttpClient.execute(CloseableHttpClient.java:82)
	at org.eclipse.ecf.provider.filetransfer.httpclient4.HttpClientFileSystemBrowser.runRequest(HttpClientFileSystemBrowser.java:259)
	at org.eclipse.ecf.provider.filetransfer.browse.AbstractFileSystemBrowser$DirectoryJob.run(AbstractFileSystemBrowser.java:69)
	at org.eclipse.core.internal.jobs.Worker.run(Worker.java:54)
!SESSION 2017-07-20 15:44:28.158 -----------------------------------------------
eclipse.buildId=4.4.2.M20150204-1700
java.version=1.8.0_131
java.vendor=Oracle Corporation
BootLoader constants: OS=win32, ARCH=x86_64, WS=win32, NL=en_US
Framework arguments:  -product org.eclipse.epp.package.java.product
Command-line arguments:  -os win32 -ws win32 -arch x86_64 -product org.eclipse.epp.package.java.product

!ENTRY org.eclipse.core.resources 2 10035 2017-07-20 15:44:35.575
!MESSAGE The workspace exited with unsaved changes in the previous session; refreshing workspace to recover changes.

!ENTRY org.eclipse.egit.ui 2 0 2017-07-20 15:45:18.466
!MESSAGE Warning: EGit couldn't detect the installation path "gitPrefix" of native Git. Hence EGit can't respect system level
Git settings which might be configured in ${gitPrefix}/etc/gitconfig under the native Git installation directory.
The most important of these settings is core.autocrlf. Git for Windows by default sets this parameter to true in
this system level configuration. The Git installation location can be configured on the
Team > Git > Configuration preference page's 'System Settings' tab.
This warning can be switched off on the Team > Git > Confirmations and Warnings preference page.

!ENTRY org.eclipse.egit.ui 2 0 2017-07-20 15:45:18.468
!MESSAGE Warning: The environment variable HOME is not set. The following directory will be used to store the Git
user global configuration and to define the default location to store repositories: 'C:\Users\Dell'. If this is
not correct please set the HOME environment variable and restart Eclipse. Otherwise Git for Windows and
EGit might behave differently since they see different configuration options.
This warning can be switched off on the Team > Git > Confirmations and Warnings preference page.
!SESSION 2017-07-24 14:38:03.423 -----------------------------------------------
eclipse.buildId=4.4.2.M20150204-1700
java.version=1.8.0_131
java.vendor=Oracle Corporation
BootLoader constants: OS=win32, ARCH=x86_64, WS=win32, NL=en_US
Framework arguments:  -product org.eclipse.epp.package.java.product
Command-line arguments:  -os win32 -ws win32 -arch x86_64 -product org.eclipse.epp.package.java.product

!ENTRY org.eclipse.egit.ui 2 0 2017-07-24 14:38:55.835
!MESSAGE Warning: EGit couldn't detect the installation path "gitPrefix" of native Git. Hence EGit can't respect system level
Git settings which might be configured in ${gitPrefix}/etc/gitconfig under the native Git installation directory.
The most important of these settings is core.autocrlf. Git for Windows by default sets this parameter to true in
this system level configuration. The Git installation location can be configured on the
Team > Git > Configuration preference page's 'System Settings' tab.
This warning can be switched off on the Team > Git > Confirmations and Warnings preference page.

!ENTRY org.eclipse.egit.ui 2 0 2017-07-24 14:38:55.970
!MESSAGE Warning: The environment variable HOME is not set. The following directory will be used to store the Git
user global configuration and to define the default location to store repositories: 'C:\Users\Dell'. If this is
not correct please set the HOME environment variable and restart Eclipse. Otherwise Git for Windows and
EGit might behave differently since they see different configuration options.
This warning can be switched off on the Team > Git > Confirmations and Warnings preference page.
!SESSION 2017-07-25 14:08:20.303 -----------------------------------------------
eclipse.buildId=4.4.2.M20150204-1700
java.version=1.8.0_131
java.vendor=Oracle Corporation
BootLoader constants: OS=win32, ARCH=x86_64, WS=win32, NL=en_US
Framework arguments:  -product org.eclipse.epp.package.java.product
Command-line arguments:  -os win32 -ws win32 -arch x86_64 -product org.eclipse.epp.package.java.product

!ENTRY org.eclipse.egit.ui 2 0 2017-07-25 14:09:18.626
!MESSAGE Warning: EGit couldn't detect the installation path "gitPrefix" of native Git. Hence EGit can't respect system level
Git settings which might be configured in ${gitPrefix}/etc/gitconfig under the native Git installation directory.
The most important of these settings is core.autocrlf. Git for Windows by default sets this parameter to true in
this system level configuration. The Git installation location can be configured on the
Team > Git > Configuration preference page's 'System Settings' tab.
This warning can be switched off on the Team > Git > Confirmations and Warnings preference page.

!ENTRY org.eclipse.egit.ui 2 0 2017-07-25 14:09:18.631
!MESSAGE Warning: The environment variable HOME is not set. The following directory will be used to store the Git
user global configuration and to define the default location to store repositories: 'C:\Users\Dell'. If this is
not correct please set the HOME environment variable and restart Eclipse. Otherwise Git for Windows and
EGit might behave differently since they see different configuration options.
This warning can be switched off on the Team > Git > Confirmations and Warnings preference page.
!SESSION 2017-07-26 14:20:43.940 -----------------------------------------------
eclipse.buildId=4.4.2.M20150204-1700
java.version=1.8.0_131
java.vendor=Oracle Corporation
BootLoader constants: OS=win32, ARCH=x86_64, WS=win32, NL=en_US
Framework arguments:  -product org.eclipse.epp.package.java.product
Command-line arguments:  -os win32 -ws win32 -arch x86_64 -product org.eclipse.epp.package.java.product

!ENTRY org.eclipse.egit.ui 2 0 2017-07-26 14:21:17.516
!MESSAGE Warning: EGit couldn't detect the installation path "gitPrefix" of native Git. Hence EGit can't respect system level
Git settings which might be configured in ${gitPrefix}/etc/gitconfig under the native Git installation directory.
The most important of these settings is core.autocrlf. Git for Windows by default sets this parameter to true in
this system level configuration. The Git installation location can be configured on the
Team > Git > Configuration preference page's 'System Settings' tab.
This warning can be switched off on the Team > Git > Confirmations and Warnings preference page.

!ENTRY org.eclipse.egit.ui 2 0 2017-07-26 14:21:17.525
!MESSAGE Warning: The environment variable HOME is not set. The following directory will be used to store the Git
user global configuration and to define the default location to store repositories: 'C:\Users\Dell'. If this is
not correct please set the HOME environment variable and restart Eclipse. Otherwise Git for Windows and
EGit might behave differently since they see different configuration options.
This warning can be switched off on the Team > Git > Confirmations and Warnings preference page.

!ENTRY org.eclipse.recommenders.calls.rcp 2 1 2017-07-26 15:13:12.963
!MESSAGE Cannot obtain JDTâ€™s lookup environment (debug only).
!STACK 0
org.eclipse.recommenders.utils.Logs$LogTraceException
	at org.eclipse.recommenders.utils.Logs$LogTraceException.newTrace(Logs.java:377)
	at org.eclipse.recommenders.utils.Logs.log(Logs.java:130)
	at org.eclipse.recommenders.utils.Logs.log(Logs.java:122)
	at org.eclipse.recommenders.internal.calls.rcp.CallCompletionSessionProcessor.startSession(CallCompletionSessionProcessor.java:102)
	at org.eclipse.recommenders.completion.rcp.processable.IntelligentCompletionProposalComputer.fireStartSession(IntelligentCompletionProposalComputer.java:229)
	at org.eclipse.recommenders.completion.rcp.processable.IntelligentCompletionProposalComputer.computeCompletionProposals(IntelligentCompletionProposalComputer.java:131)
	at org.eclipse.jdt.internal.ui.text.java.CompletionProposalComputerDescriptor.computeCompletionProposals(CompletionProposalComputerDescriptor.java:333)
	at org.eclipse.jdt.internal.ui.text.java.CompletionProposalCategory.computeCompletionProposals(CompletionProposalCategory.java:337)
	at org.eclipse.jdt.internal.ui.text.java.ContentAssistProcessor.collectProposals(ContentAssistProcessor.java:325)
	at org.eclipse.jdt.internal.ui.text.java.ContentAssistProcessor.computeCompletionProposals(ContentAssistProcessor.java:282)
	at org.eclipse.jface.text.contentassist.ContentAssistant$5.run(ContentAssistant.java:1904)
	at org.eclipse.core.runtime.SafeRunner.run(SafeRunner.java:42)
	at org.eclipse.jface.text.contentassist.ContentAssistant.computeCompletionProposals(ContentAssistant.java:1902)
	at org.eclipse.jface.text.contentassist.CompletionProposalPopup.computeProposals(CompletionProposalPopup.java:573)
	at org.eclipse.jface.text.contentassist.CompletionProposalPopup.access$16(CompletionProposalPopup.java:570)
	at org.eclipse.jface.text.contentassist.CompletionProposalPopup$2.run(CompletionProposalPopup.java:505)
	at org.eclipse.swt.custom.BusyIndicator.showWhile(BusyIndicator.java:70)
	at org.eclipse.jface.text.contentassist.CompletionProposalPopup.showProposals(CompletionProposalPopup.java:499)
	at org.eclipse.jface.text.contentassist.ContentAssistant$2.run(ContentAssistant.java:384)
	at org.eclipse.swt.widgets.RunnableLock.run(RunnableLock.java:35)
	at org.eclipse.swt.widgets.Synchronizer.runAsyncMessages(Synchronizer.java:136)
	at org.eclipse.swt.widgets.Display.runAsyncMessages(Display.java:4147)
	at org.eclipse.swt.widgets.Display.readAndDispatch(Display.java:3764)
	at org.eclipse.e4.ui.internal.workbench.swt.PartRenderingEngine$9.run(PartRenderingEngine.java:1151)
	at org.eclipse.core.databinding.observable.Realm.runWithDefault(Realm.java:332)
	at org.eclipse.e4.ui.internal.workbench.swt.PartRenderingEngine.run(PartRenderingEngine.java:1032)
	at org.eclipse.e4.ui.internal.workbench.E4Workbench.createAndRunUI(E4Workbench.java:148)
	at org.eclipse.ui.internal.Workbench$5.run(Workbench.java:636)
	at org.eclipse.core.databinding.observable.Realm.runWithDefault(Realm.java:332)
	at org.eclipse.ui.internal.Workbench.createAndRunWorkbench(Workbench.java:579)
	at org.eclipse.ui.PlatformUI.createAndRunWorkbench(PlatformUI.java:150)
	at org.eclipse.ui.internal.ide.application.IDEApplication.start(IDEApplication.java:135)
	at org.eclipse.equinox.internal.app.EclipseAppHandle.run(EclipseAppHandle.java:196)
	at org.eclipse.core.runtime.internal.adaptor.EclipseAppLauncher.runApplication(EclipseAppLauncher.java:134)
	at org.eclipse.core.runtime.internal.adaptor.EclipseAppLauncher.start(EclipseAppLauncher.java:104)
	at org.eclipse.core.runtime.adaptor.EclipseStarter.run(EclipseStarter.java:380)
	at org.eclipse.core.runtime.adaptor.EclipseStarter.run(EclipseStarter.java:235)
	at sun.reflect.NativeMethodAccessorImpl.invoke0(Native Method)
	at sun.reflect.NativeMethodAccessorImpl.invoke(Unknown Source)
	at sun.reflect.DelegatingMethodAccessorImpl.invoke(Unknown Source)
	at java.lang.reflect.Method.invoke(Unknown Source)
	at org.eclipse.equinox.launcher.Main.invokeFramework(Main.java:648)
	at org.eclipse.equinox.launcher.Main.basicRun(Main.java:603)
	at org.eclipse.equinox.launcher.Main.run(Main.java:1465)
	at org.eclipse.equinox.launcher.Main.main(Main.java:1438)
!SESSION 2017-07-26 16:39:37.216 -----------------------------------------------
eclipse.buildId=4.4.2.M20150204-1700
java.version=1.8.0_131
java.vendor=Oracle Corporation
BootLoader constants: OS=win32, ARCH=x86_64, WS=win32, NL=en_US
Framework arguments:  -product org.eclipse.epp.package.java.product
Command-line arguments:  -os win32 -ws win32 -arch x86_64 -product org.eclipse.epp.package.java.product

!ENTRY org.eclipse.egit.ui 2 0 2017-07-26 16:40:03.102
!MESSAGE Warning: EGit couldn't detect the installation path "gitPrefix" of native Git. Hence EGit can't respect system level
Git settings which might be configured in ${gitPrefix}/etc/gitconfig under the native Git installation directory.
The most important of these settings is core.autocrlf. Git for Windows by default sets this parameter to true in
this system level configuration. The Git installation location can be configured on the
Team > Git > Configuration preference page's 'System Settings' tab.
This warning can be switched off on the Team > Git > Confirmations and Warnings preference page.

!ENTRY org.eclipse.egit.ui 2 0 2017-07-26 16:40:03.104
!MESSAGE Warning: The environment variable HOME is not set. The following directory will be used to store the Git
user global configuration and to define the default location to store repositories: 'C:\Users\Dell'. If this is
not correct please set the HOME environment variable and restart Eclipse. Otherwise Git for Windows and
EGit might behave differently since they see different configuration options.
This warning can be switched off on the Team > Git > Confirmations and Warnings preference page.

!ENTRY org.testng.eclipse 1 0 2017-07-26 16:43:14.911
!MESSAGE [TestNGLaunchConfigurationDelegate] Launching:
  Classpath: E:\Divya\eclipse\plugins\org.testng.eclipse_6.11.0.201703011520\lib\testng-remote.jar E:\Divya\Deepthi_Workspace\SeleniumProject\bin F:\Cdownloads\selenium-server-standalone-2.53.1.jar C:\Users\Dell\Downloads\poi-3.16\lib\commons-codec-1.10.jar C:\Users\Dell\Downloads\poi-3.16\lib\commons-collections4-4.1.jar C:\Users\Dell\Downloads\poi-3.16\lib\commons-logging-1.2.jar C:\Users\Dell\Downloads\poi-3.16\lib\curvesapi-1.04.jar C:\Users\Dell\Downloads\poi-3.16\lib\junit-4.12.jar C:\Users\Dell\Downloads\poi-3.16\lib\log4j-1.2.17.jar C:\Users\Dell\Downloads\poi-3.16\lib\poi-3.16.jar C:\Users\Dell\Downloads\poi-3.16\lib\poi-examples-3.16.jar C:\Users\Dell\Downloads\poi-3.16\lib\poi-excelant-3.16.jar C:\Users\Dell\Downloads\poi-3.16\lib\poi-ooxml-3.16.jar C:\Users\Dell\Downloads\poi-3.16\lib\poi-ooxml-schemas-3.16.jar C:\Users\Dell\Downloads\poi-3.16\lib\poi-scratchpad-3.16.jar C:\Users\Dell\Downloads\poi-3.16\lib\xmlbeans-2.6.0.jar E:\Divya\eclipse\plugins\org.testng.eclipse_6.11.0.201703011520\lib\testng.jar E:\Divya\eclipse\plugins\org.testng.eclipse_6.11.0.201703011520\lib\jcommander.jar E:\Divya\eclipse\plugins\org.testng.eclipse_6.11.0.201703011520\lib\bsh-2.0b4.jar E:\Divya\eclipse\plugins\org.testng.eclipse_6.11.0.201703011520\lib\snakeyaml.jar
  VMArgs:    -ea
  Class:     org.testng.remote.RemoteTestNG
  Args:      -serport 57187 -protocol json -d E:\Divya\Deepthi_Workspace\SeleniumProject\test-output C:\Users\Dell\AppData\Local\Temp\testng-eclipse--1871225624\testng-customsuite.xml
java -ea -classpath E:\Divya\eclipse\plugins\org.testng.eclipse_6.11.0.201703011520\lib\testng-remote.jar:E:\Divya\Deepthi_Workspace\SeleniumProject\bin:F:\Cdownloads\selenium-server-standalone-2.53.1.jar:C:\Users\Dell\Downloads\poi-3.16\lib\commons-codec-1.10.jar:C:\Users\Dell\Downloads\poi-3.16\lib\commons-collections4-4.1.jar:C:\Users\Dell\Downloads\poi-3.16\lib\commons-logging-1.2.jar:C:\Users\Dell\Downloads\poi-3.16\lib\curvesapi-1.04.jar:C:\Users\Dell\Downloads\poi-3.16\lib\junit-4.12.jar:C:\Users\Dell\Downloads\poi-3.16\lib\log4j-1.2.17.jar:C:\Users\Dell\Downloads\poi-3.16\lib\poi-3.16.jar:C:\Users\Dell\Downloads\poi-3.16\lib\poi-examples-3.16.jar:C:\Users\Dell\Downloads\poi-3.16\lib\poi-excelant-3.16.jar:C:\Users\Dell\Downloads\poi-3.16\lib\poi-ooxml-3.16.jar:C:\Users\Dell\Downloads\poi-3.16\lib\poi-ooxml-schemas-3.16.jar:C:\Users\Dell\Downloads\poi-3.16\lib\poi-scratchpad-3.16.jar:C:\Users\Dell\Downloads\poi-3.16\lib\xmlbeans-2.6.0.jar:E:\Divya\eclipse\plugins\org.testng.eclipse_6.11.0.201703011520\lib\testng.jar:E:\Divya\eclipse\plugins\org.testng.eclipse_6.11.0.201703011520\lib\jcommander.jar:E:\Divya\eclipse\plugins\org.testng.eclipse_6.11.0.201703011520\lib\bsh-2.0b4.jar:E:\Divya\eclipse\plugins\org.testng.eclipse_6.11.0.201703011520\lib\snakeyaml.jar org.testng.remote.RemoteTestNG -serport 57187 -protocol json -d E:\Divya\Deepthi_Workspace\SeleniumProject\test-output C:\Users\Dell\AppData\Local\Temp\testng-eclipse--1871225624\testng-customsuite.xml

!ENTRY org.testng.eclipse 1 0 2017-07-26 16:48:09.150
!MESSAGE [TestNGLaunchConfigurationDelegate] Launching:
  Classpath: E:\Divya\eclipse\plugins\org.testng.eclipse_6.11.0.201703011520\lib\testng-remote.jar E:\Divya\Deepthi_Workspace\SeleniumProject\bin F:\Cdownloads\selenium-server-standalone-2.53.1.jar C:\Users\Dell\Downloads\poi-3.16\lib\commons-codec-1.10.jar C:\Users\Dell\Downloads\poi-3.16\lib\commons-collections4-4.1.jar C:\Users\Dell\Downloads\poi-3.16\lib\commons-logging-1.2.jar C:\Users\Dell\Downloads\poi-3.16\lib\curvesapi-1.04.jar C:\Users\Dell\Downloads\poi-3.16\lib\junit-4.12.jar C:\Users\Dell\Downloads\poi-3.16\lib\log4j-1.2.17.jar C:\Users\Dell\Downloads\poi-3.16\lib\poi-3.16.jar C:\Users\Dell\Downloads\poi-3.16\lib\poi-examples-3.16.jar C:\Users\Dell\Downloads\poi-3.16\lib\poi-excelant-3.16.jar C:\Users\Dell\Downloads\poi-3.16\lib\poi-ooxml-3.16.jar C:\Users\Dell\Downloads\poi-3.16\lib\poi-ooxml-schemas-3.16.jar C:\Users\Dell\Downloads\poi-3.16\lib\poi-scratchpad-3.16.jar C:\Users\Dell\Downloads\poi-3.16\lib\xmlbeans-2.6.0.jar E:\Divya\eclipse\plugins\org.testng.eclipse_6.11.0.201703011520\lib\testng.jar E:\Divya\eclipse\plugins\org.testng.eclipse_6.11.0.201703011520\lib\jcommander.jar E:\Divya\eclipse\plugins\org.testng.eclipse_6.11.0.201703011520\lib\bsh-2.0b4.jar E:\Divya\eclipse\plugins\org.testng.eclipse_6.11.0.201703011520\lib\snakeyaml.jar
  VMArgs:    -ea
  Class:     org.testng.remote.RemoteTestNG
  Args:      -serport 57295 -protocol json -d E:\Divya\Deepthi_Workspace\SeleniumProject\test-output C:\Users\Dell\AppData\Local\Temp\testng-eclipse--19584054\testng-customsuite.xml
java -ea -classpath E:\Divya\eclipse\plugins\org.testng.eclipse_6.11.0.201703011520\lib\testng-remote.jar:E:\Divya\Deepthi_Workspace\SeleniumProject\bin:F:\Cdownloads\selenium-server-standalone-2.53.1.jar:C:\Users\Dell\Downloads\poi-3.16\lib\commons-codec-1.10.jar:C:\Users\Dell\Downloads\poi-3.16\lib\commons-collections4-4.1.jar:C:\Users\Dell\Downloads\poi-3.16\lib\commons-logging-1.2.jar:C:\Users\Dell\Downloads\poi-3.16\lib\curvesapi-1.04.jar:C:\Users\Dell\Downloads\poi-3.16\lib\junit-4.12.jar:C:\Users\Dell\Downloads\poi-3.16\lib\log4j-1.2.17.jar:C:\Users\Dell\Downloads\poi-3.16\lib\poi-3.16.jar:C:\Users\Dell\Downloads\poi-3.16\lib\poi-examples-3.16.jar:C:\Users\Dell\Downloads\poi-3.16\lib\poi-excelant-3.16.jar:C:\Users\Dell\Downloads\poi-3.16\lib\poi-ooxml-3.16.jar:C:\Users\Dell\Downloads\poi-3.16\lib\poi-ooxml-schemas-3.16.jar:C:\Users\Dell\Downloads\poi-3.16\lib\poi-scratchpad-3.16.jar:C:\Users\Dell\Downloads\poi-3.16\lib\xmlbeans-2.6.0.jar:E:\Divya\eclipse\plugins\org.testng.eclipse_6.11.0.201703011520\lib\testng.jar:E:\Divya\eclipse\plugins\org.testng.eclipse_6.11.0.201703011520\lib\jcommander.jar:E:\Divya\eclipse\plugins\org.testng.eclipse_6.11.0.201703011520\lib\bsh-2.0b4.jar:E:\Divya\eclipse\plugins\org.testng.eclipse_6.11.0.201703011520\lib\snakeyaml.jar org.testng.remote.RemoteTestNG -serport 57295 -protocol json -d E:\Divya\Deepthi_Workspace\SeleniumProject\test-output C:\Users\Dell\AppData\Local\Temp\testng-eclipse--19584054\testng-customsuite.xml

!ENTRY org.testng.eclipse 1 0 2017-07-26 16:50:06.474
!MESSAGE [TestNGLaunchConfigurationDelegate] Launching:
  Classpath: E:\Divya\eclipse\plugins\org.testng.eclipse_6.11.0.201703011520\lib\testng-remote.jar E:\Divya\Deepthi_Workspace\SeleniumProject\bin F:\Cdownloads\selenium-server-standalone-2.53.1.jar C:\Users\Dell\Downloads\poi-3.16\lib\commons-codec-1.10.jar C:\Users\Dell\Downloads\poi-3.16\lib\commons-collections4-4.1.jar C:\Users\Dell\Downloads\poi-3.16\lib\commons-logging-1.2.jar C:\Users\Dell\Downloads\poi-3.16\lib\curvesapi-1.04.jar C:\Users\Dell\Downloads\poi-3.16\lib\junit-4.12.jar C:\Users\Dell\Downloads\poi-3.16\lib\log4j-1.2.17.jar C:\Users\Dell\Downloads\poi-3.16\lib\poi-3.16.jar C:\Users\Dell\Downloads\poi-3.16\lib\poi-examples-3.16.jar C:\Users\Dell\Downloads\poi-3.16\lib\poi-excelant-3.16.jar C:\Users\Dell\Downloads\poi-3.16\lib\poi-ooxml-3.16.jar C:\Users\Dell\Downloads\poi-3.16\lib\poi-ooxml-schemas-3.16.jar C:\Users\Dell\Downloads\poi-3.16\lib\poi-scratchpad-3.16.jar C:\Users\Dell\Downloads\poi-3.16\lib\xmlbeans-2.6.0.jar E:\Divya\eclipse\plugins\org.testng.eclipse_6.11.0.201703011520\lib\testng.jar E:\Divya\eclipse\plugins\org.testng.eclipse_6.11.0.201703011520\lib\jcommander.jar E:\Divya\eclipse\plugins\org.testng.eclipse_6.11.0.201703011520\lib\bsh-2.0b4.jar E:\Divya\eclipse\plugins\org.testng.eclipse_6.11.0.201703011520\lib\snakeyaml.jar
  VMArgs:    -ea
  Class:     org.testng.remote.RemoteTestNG
  Args:      -serport 57342 -protocol json -d E:\Divya\Deepthi_Workspace\SeleniumProject\test-output C:\Users\Dell\AppData\Local\Temp\testng-eclipse-1854082316\testng-customsuite.xml
java -ea -classpath E:\Divya\eclipse\plugins\org.testng.eclipse_6.11.0.201703011520\lib\testng-remote.jar:E:\Divya\Deepthi_Workspace\SeleniumProject\bin:F:\Cdownloads\selenium-server-standalone-2.53.1.jar:C:\Users\Dell\Downloads\poi-3.16\lib\commons-codec-1.10.jar:C:\Users\Dell\Downloads\poi-3.16\lib\commons-collections4-4.1.jar:C:\Users\Dell\Downloads\poi-3.16\lib\commons-logging-1.2.jar:C:\Users\Dell\Downloads\poi-3.16\lib\curvesapi-1.04.jar:C:\Users\Dell\Downloads\poi-3.16\lib\junit-4.12.jar:C:\Users\Dell\Downloads\poi-3.16\lib\log4j-1.2.17.jar:C:\Users\Dell\Downloads\poi-3.16\lib\poi-3.16.jar:C:\Users\Dell\Downloads\poi-3.16\lib\poi-examples-3.16.jar:C:\Users\Dell\Downloads\poi-3.16\lib\poi-excelant-3.16.jar:C:\Users\Dell\Downloads\poi-3.16\lib\poi-ooxml-3.16.jar:C:\Users\Dell\Downloads\poi-3.16\lib\poi-ooxml-schemas-3.16.jar:C:\Users\Dell\Downloads\poi-3.16\lib\poi-scratchpad-3.16.jar:C:\Users\Dell\Downloads\poi-3.16\lib\xmlbeans-2.6.0.jar:E:\Divya\eclipse\plugins\org.testng.eclipse_6.11.0.201703011520\lib\testng.jar:E:\Divya\eclipse\plugins\org.testng.eclipse_6.11.0.201703011520\lib\jcommander.jar:E:\Divya\eclipse\plugins\org.testng.eclipse_6.11.0.201703011520\lib\bsh-2.0b4.jar:E:\Divya\eclipse\plugins\org.testng.eclipse_6.11.0.201703011520\lib\snakeyaml.jar org.testng.remote.RemoteTestNG -serport 57342 -protocol json -d E:\Divya\Deepthi_Workspace\SeleniumProject\test-output C:\Users\Dell\AppData\Local\Temp\testng-eclipse-1854082316\testng-customsuite.xml

!ENTRY org.testng.eclipse 1 0 2017-07-26 16:51:52.437
!MESSAGE [TestNGLaunchConfigurationDelegate] Launching:
  Classpath: E:\Divya\eclipse\plugins\org.testng.eclipse_6.11.0.201703011520\lib\testng-remote.jar E:\Divya\Deepthi_Workspace\SeleniumProject\bin F:\Cdownloads\selenium-server-standalone-2.53.1.jar C:\Users\Dell\Downloads\poi-3.16\lib\commons-codec-1.10.jar C:\Users\Dell\Downloads\poi-3.16\lib\commons-collections4-4.1.jar C:\Users\Dell\Downloads\poi-3.16\lib\commons-logging-1.2.jar C:\Users\Dell\Downloads\poi-3.16\lib\curvesapi-1.04.jar C:\Users\Dell\Downloads\poi-3.16\lib\junit-4.12.jar C:\Users\Dell\Downloads\poi-3.16\lib\log4j-1.2.17.jar C:\Users\Dell\Downloads\poi-3.16\lib\poi-3.16.jar C:\Users\Dell\Downloads\poi-3.16\lib\poi-examples-3.16.jar C:\Users\Dell\Downloads\poi-3.16\lib\poi-excelant-3.16.jar C:\Users\Dell\Downloads\poi-3.16\lib\poi-ooxml-3.16.jar C:\Users\Dell\Downloads\poi-3.16\lib\poi-ooxml-schemas-3.16.jar C:\Users\Dell\Downloads\poi-3.16\lib\poi-scratchpad-3.16.jar C:\Users\Dell\Downloads\poi-3.16\lib\xmlbeans-2.6.0.jar E:\Divya\eclipse\plugins\org.testng.eclipse_6.11.0.201703011520\lib\testng.jar E:\Divya\eclipse\plugins\org.testng.eclipse_6.11.0.201703011520\lib\jcommander.jar E:\Divya\eclipse\plugins\org.testng.eclipse_6.11.0.201703011520\lib\bsh-2.0b4.jar E:\Divya\eclipse\plugins\org.testng.eclipse_6.11.0.201703011520\lib\snakeyaml.jar
  VMArgs:    -ea
  Class:     org.testng.remote.RemoteTestNG
  Args:      -serport 57362 -protocol json -d E:\Divya\Deepthi_Workspace\SeleniumProject\test-output C:\Users\Dell\AppData\Local\Temp\testng-eclipse--1357847474\testng-customsuite.xml
java -ea -classpath E:\Divya\eclipse\plugins\org.testng.eclipse_6.11.0.201703011520\lib\testng-remote.jar:E:\Divya\Deepthi_Workspace\SeleniumProject\bin:F:\Cdownloads\selenium-server-standalone-2.53.1.jar:C:\Users\Dell\Downloads\poi-3.16\lib\commons-codec-1.10.jar:C:\Users\Dell\Downloads\poi-3.16\lib\commons-collections4-4.1.jar:C:\Users\Dell\Downloads\poi-3.16\lib\commons-logging-1.2.jar:C:\Users\Dell\Downloads\poi-3.16\lib\curvesapi-1.04.jar:C:\Users\Dell\Downloads\poi-3.16\lib\junit-4.12.jar:C:\Users\Dell\Downloads\poi-3.16\lib\log4j-1.2.17.jar:C:\Users\Dell\Downloads\poi-3.16\lib\poi-3.16.jar:C:\Users\Dell\Downloads\poi-3.16\lib\poi-examples-3.16.jar:C:\Users\Dell\Downloads\poi-3.16\lib\poi-excelant-3.16.jar:C:\Users\Dell\Downloads\poi-3.16\lib\poi-ooxml-3.16.jar:C:\Users\Dell\Downloads\poi-3.16\lib\poi-ooxml-schemas-3.16.jar:C:\Users\Dell\Downloads\poi-3.16\lib\poi-scratchpad-3.16.jar:C:\Users\Dell\Downloads\poi-3.16\lib\xmlbeans-2.6.0.jar:E:\Divya\eclipse\plugins\org.testng.eclipse_6.11.0.201703011520\lib\testng.jar:E:\Divya\eclipse\plugins\org.testng.eclipse_6.11.0.201703011520\lib\jcommander.jar:E:\Divya\eclipse\plugins\org.testng.eclipse_6.11.0.201703011520\lib\bsh-2.0b4.jar:E:\Divya\eclipse\plugins\org.testng.eclipse_6.11.0.201703011520\lib\snakeyaml.jar org.testng.remote.RemoteTestNG -serport 57362 -protocol json -d E:\Divya\Deepthi_Workspace\SeleniumProject\test-output C:\Users\Dell\AppData\Local\Temp\testng-eclipse--1357847474\testng-customsuite.xml

!ENTRY org.testng.eclipse 1 0 2017-07-26 17:01:05.727
!MESSAGE [TestNGLaunchConfigurationDelegate] Launching:
  Classpath: E:\Divya\eclipse\plugins\org.testng.eclipse_6.11.0.201703011520\lib\testng-remote.jar E:\Divya\Deepthi_Workspace\SeleniumProject\bin F:\Cdownloads\selenium-server-standalone-2.53.1.jar C:\Users\Dell\Downloads\poi-3.16\lib\commons-codec-1.10.jar C:\Users\Dell\Downloads\poi-3.16\lib\commons-collections4-4.1.jar C:\Users\Dell\Downloads\poi-3.16\lib\commons-logging-1.2.jar C:\Users\Dell\Downloads\poi-3.16\lib\curvesapi-1.04.jar C:\Users\Dell\Downloads\poi-3.16\lib\junit-4.12.jar C:\Users\Dell\Downloads\poi-3.16\lib\log4j-1.2.17.jar C:\Users\Dell\Downloads\poi-3.16\lib\poi-3.16.jar C:\Users\Dell\Downloads\poi-3.16\lib\poi-examples-3.16.jar C:\Users\Dell\Downloads\poi-3.16\lib\poi-excelant-3.16.jar C:\Users\Dell\Downloads\poi-3.16\lib\poi-ooxml-3.16.jar C:\Users\Dell\Downloads\poi-3.16\lib\poi-ooxml-schemas-3.16.jar C:\Users\Dell\Downloads\poi-3.16\lib\poi-scratchpad-3.16.jar C:\Users\Dell\Downloads\poi-3.16\lib\xmlbeans-2.6.0.jar E:\Divya\eclipse\plugins\org.testng.eclipse_6.11.0.201703011520\lib\testng.jar E:\Divya\eclipse\plugins\org.testng.eclipse_6.11.0.201703011520\lib\jcommander.jar E:\Divya\eclipse\plugins\org.testng.eclipse_6.11.0.201703011520\lib\bsh-2.0b4.jar E:\Divya\eclipse\plugins\org.testng.eclipse_6.11.0.201703011520\lib\snakeyaml.jar
  VMArgs:    -ea
  Class:     org.testng.remote.RemoteTestNG
  Args:      -serport 57485 -protocol json -d E:\Divya\Deepthi_Workspace\SeleniumProject\test-output C:\Users\Dell\AppData\Local\Temp\testng-eclipse-741555419\testng-customsuite.xml
java -ea -classpath E:\Divya\eclipse\plugins\org.testng.eclipse_6.11.0.201703011520\lib\testng-remote.jar:E:\Divya\Deepthi_Workspace\SeleniumProject\bin:F:\Cdownloads\selenium-server-standalone-2.53.1.jar:C:\Users\Dell\Downloads\poi-3.16\lib\commons-codec-1.10.jar:C:\Users\Dell\Downloads\poi-3.16\lib\commons-collections4-4.1.jar:C:\Users\Dell\Downloads\poi-3.16\lib\commons-logging-1.2.jar:C:\Users\Dell\Downloads\poi-3.16\lib\curvesapi-1.04.jar:C:\Users\Dell\Downloads\poi-3.16\lib\junit-4.12.jar:C:\Users\Dell\Downloads\poi-3.16\lib\log4j-1.2.17.jar:C:\Users\Dell\Downloads\poi-3.16\lib\poi-3.16.jar:C:\Users\Dell\Downloads\poi-3.16\lib\poi-examples-3.16.jar:C:\Users\Dell\Downloads\poi-3.16\lib\poi-excelant-3.16.jar:C:\Users\Dell\Downloads\poi-3.16\lib\poi-ooxml-3.16.jar:C:\Users\Dell\Downloads\poi-3.16\lib\poi-ooxml-schemas-3.16.jar:C:\Users\Dell\Downloads\poi-3.16\lib\poi-scratchpad-3.16.jar:C:\Users\Dell\Downloads\poi-3.16\lib\xmlbeans-2.6.0.jar:E:\Divya\eclipse\plugins\org.testng.eclipse_6.11.0.201703011520\lib\testng.jar:E:\Divya\eclipse\plugins\org.testng.eclipse_6.11.0.201703011520\lib\jcommander.jar:E:\Divya\eclipse\plugins\org.testng.eclipse_6.11.0.201703011520\lib\bsh-2.0b4.jar:E:\Divya\eclipse\plugins\org.testng.eclipse_6.11.0.201703011520\lib\snakeyaml.jar org.testng.remote.RemoteTestNG -serport 57485 -protocol json -d E:\Divya\Deepthi_Workspace\SeleniumProject\test-output C:\Users\Dell\AppData\Local\Temp\testng-eclipse-741555419\testng-customsuite.xml

!ENTRY org.testng.eclipse 1 0 2017-07-26 17:06:16.863
!MESSAGE [TestNGLaunchConfigurationDelegate] Launching:
  Classpath: E:\Divya\eclipse\plugins\org.testng.eclipse_6.11.0.201703011520\lib\testng-remote.jar E:\Divya\Deepthi_Workspace\SeleniumProject\bin F:\Cdownloads\selenium-server-standalone-2.53.1.jar C:\Users\Dell\Downloads\poi-3.16\lib\commons-codec-1.10.jar C:\Users\Dell\Downloads\poi-3.16\lib\commons-collections4-4.1.jar C:\Users\Dell\Downloads\poi-3.16\lib\commons-logging-1.2.jar C:\Users\Dell\Downloads\poi-3.16\lib\curvesapi-1.04.jar C:\Users\Dell\Downloads\poi-3.16\lib\junit-4.12.jar C:\Users\Dell\Downloads\poi-3.16\lib\log4j-1.2.17.jar C:\Users\Dell\Downloads\poi-3.16\lib\poi-3.16.jar C:\Users\Dell\Downloads\poi-3.16\lib\poi-examples-3.16.jar C:\Users\Dell\Downloads\poi-3.16\lib\poi-excelant-3.16.jar C:\Users\Dell\Downloads\poi-3.16\lib\poi-ooxml-3.16.jar C:\Users\Dell\Downloads\poi-3.16\lib\poi-ooxml-schemas-3.16.jar C:\Users\Dell\Downloads\poi-3.16\lib\poi-scratchpad-3.16.jar C:\Users\Dell\Downloads\poi-3.16\lib\xmlbeans-2.6.0.jar E:\Divya\eclipse\plugins\org.testng.eclipse_6.11.0.201703011520\lib\testng.jar E:\Divya\eclipse\plugins\org.testng.eclipse_6.11.0.201703011520\lib\jcommander.jar E:\Divya\eclipse\plugins\org.testng.eclipse_6.11.0.201703011520\lib\bsh-2.0b4.jar E:\Divya\eclipse\plugins\org.testng.eclipse_6.11.0.201703011520\lib\snakeyaml.jar
  VMArgs:    -ea
  Class:     org.testng.remote.RemoteTestNG
  Args:      -serport 57602 -protocol json -d E:\Divya\Deepthi_Workspace\SeleniumProject\test-output C:\Users\Dell\AppData\Local\Temp\testng-eclipse-1192910207\testng-customsuite.xml
java -ea -classpath E:\Divya\eclipse\plugins\org.testng.eclipse_6.11.0.201703011520\lib\testng-remote.jar:E:\Divya\Deepthi_Workspace\SeleniumProject\bin:F:\Cdownloads\selenium-server-standalone-2.53.1.jar:C:\Users\Dell\Downloads\poi-3.16\lib\commons-codec-1.10.jar:C:\Users\Dell\Downloads\poi-3.16\lib\commons-collections4-4.1.jar:C:\Users\Dell\Downloads\poi-3.16\lib\commons-logging-1.2.jar:C:\Users\Dell\Downloads\poi-3.16\lib\curvesapi-1.04.jar:C:\Users\Dell\Downloads\poi-3.16\lib\junit-4.12.jar:C:\Users\Dell\Downloads\poi-3.16\lib\log4j-1.2.17.jar:C:\Users\Dell\Downloads\poi-3.16\lib\poi-3.16.jar:C:\Users\Dell\Downloads\poi-3.16\lib\poi-examples-3.16.jar:C:\Users\Dell\Downloads\poi-3.16\lib\poi-excelant-3.16.jar:C:\Users\Dell\Downloads\poi-3.16\lib\poi-ooxml-3.16.jar:C:\Users\Dell\Downloads\poi-3.16\lib\poi-ooxml-schemas-3.16.jar:C:\Users\Dell\Downloads\poi-3.16\lib\poi-scratchpad-3.16.jar:C:\Users\Dell\Downloads\poi-3.16\lib\xmlbeans-2.6.0.jar:E:\Divya\eclipse\plugins\org.testng.eclipse_6.11.0.201703011520\lib\testng.jar:E:\Divya\eclipse\plugins\org.testng.eclipse_6.11.0.201703011520\lib\jcommander.jar:E:\Divya\eclipse\plugins\org.testng.eclipse_6.11.0.201703011520\lib\bsh-2.0b4.jar:E:\Divya\eclipse\plugins\org.testng.eclipse_6.11.0.201703011520\lib\snakeyaml.jar org.testng.remote.RemoteTestNG -serport 57602 -protocol json -d E:\Divya\Deepthi_Workspace\SeleniumProject\test-output C:\Users\Dell\AppData\Local\Temp\testng-eclipse-1192910207\testng-customsuite.xml

!ENTRY org.testng.eclipse 1 0 2017-07-26 17:06:28.798
!MESSAGE [TestNGLaunchConfigurationDelegate] Launching:
  Classpath: E:\Divya\eclipse\plugins\org.testng.eclipse_6.11.0.201703011520\lib\testng-remote.jar E:\Divya\Deepthi_Workspace\SeleniumProject\bin F:\Cdownloads\selenium-server-standalone-2.53.1.jar C:\Users\Dell\Downloads\poi-3.16\lib\commons-codec-1.10.jar C:\Users\Dell\Downloads\poi-3.16\lib\commons-collections4-4.1.jar C:\Users\Dell\Downloads\poi-3.16\lib\commons-logging-1.2.jar C:\Users\Dell\Downloads\poi-3.16\lib\curvesapi-1.04.jar C:\Users\Dell\Downloads\poi-3.16\lib\junit-4.12.jar C:\Users\Dell\Downloads\poi-3.16\lib\log4j-1.2.17.jar C:\Users\Dell\Downloads\poi-3.16\lib\poi-3.16.jar C:\Users\Dell\Downloads\poi-3.16\lib\poi-examples-3.16.jar C:\Users\Dell\Downloads\poi-3.16\lib\poi-excelant-3.16.jar C:\Users\Dell\Downloads\poi-3.16\lib\poi-ooxml-3.16.jar C:\Users\Dell\Downloads\poi-3.16\lib\poi-ooxml-schemas-3.16.jar C:\Users\Dell\Downloads\poi-3.16\lib\poi-scratchpad-3.16.jar C:\Users\Dell\Downloads\poi-3.16\lib\xmlbeans-2.6.0.jar E:\Divya\eclipse\plugins\org.testng.eclipse_6.11.0.201703011520\lib\testng.jar E:\Divya\eclipse\plugins\org.testng.eclipse_6.11.0.201703011520\lib\jcommander.jar E:\Divya\eclipse\plugins\org.testng.eclipse_6.11.0.201703011520\lib\bsh-2.0b4.jar E:\Divya\eclipse\plugins\org.testng.eclipse_6.11.0.201703011520\lib\snakeyaml.jar
  VMArgs:    -ea
  Class:     org.testng.remote.RemoteTestNG
  Args:      -serport 57607 -protocol json -d E:\Divya\Deepthi_Workspace\SeleniumProject\test-output C:\Users\Dell\AppData\Local\Temp\testng-eclipse--1256969931\testng-customsuite.xml
java -ea -classpath E:\Divya\eclipse\plugins\org.testng.eclipse_6.11.0.201703011520\lib\testng-remote.jar:E:\Divya\Deepthi_Workspace\SeleniumProject\bin:F:\Cdownloads\selenium-server-standalone-2.53.1.jar:C:\Users\Dell\Downloads\poi-3.16\lib\commons-codec-1.10.jar:C:\Users\Dell\Downloads\poi-3.16\lib\commons-collections4-4.1.jar:C:\Users\Dell\Downloads\poi-3.16\lib\commons-logging-1.2.jar:C:\Users\Dell\Downloads\poi-3.16\lib\curvesapi-1.04.jar:C:\Users\Dell\Downloads\poi-3.16\lib\junit-4.12.jar:C:\Users\Dell\Downloads\poi-3.16\lib\log4j-1.2.17.jar:C:\Users\Dell\Downloads\poi-3.16\lib\poi-3.16.jar:C:\Users\Dell\Downloads\poi-3.16\lib\poi-examples-3.16.jar:C:\Users\Dell\Downloads\poi-3.16\lib\poi-excelant-3.16.jar:C:\Users\Dell\Downloads\poi-3.16\lib\poi-ooxml-3.16.jar:C:\Users\Dell\Downloads\poi-3.16\lib\poi-ooxml-schemas-3.16.jar:C:\Users\Dell\Downloads\poi-3.16\lib\poi-scratchpad-3.16.jar:C:\Users\Dell\Downloads\poi-3.16\lib\xmlbeans-2.6.0.jar:E:\Divya\eclipse\plugins\org.testng.eclipse_6.11.0.201703011520\lib\testng.jar:E:\Divya\eclipse\plugins\org.testng.eclipse_6.11.0.201703011520\lib\jcommander.jar:E:\Divya\eclipse\plugins\org.testng.eclipse_6.11.0.201703011520\lib\bsh-2.0b4.jar:E:\Divya\eclipse\plugins\org.testng.eclipse_6.11.0.201703011520\lib\snakeyaml.jar org.testng.remote.RemoteTestNG -serport 57607 -protocol json -d E:\Divya\Deepthi_Workspace\SeleniumProject\test-output C:\Users\Dell\AppData\Local\Temp\testng-eclipse--1256969931\testng-customsuite.xml

!ENTRY org.testng.eclipse 1 0 2017-07-26 17:07:57.833
!MESSAGE [TestNGLaunchConfigurationDelegate] Launching:
  Classpath: E:\Divya\eclipse\plugins\org.testng.eclipse_6.11.0.201703011520\lib\testng-remote.jar E:\Divya\Deepthi_Workspace\SeleniumProject\bin F:\Cdownloads\selenium-server-standalone-2.53.1.jar C:\Users\Dell\Downloads\poi-3.16\lib\commons-codec-1.10.jar C:\Users\Dell\Downloads\poi-3.16\lib\commons-collections4-4.1.jar C:\Users\Dell\Downloads\poi-3.16\lib\commons-logging-1.2.jar C:\Users\Dell\Downloads\poi-3.16\lib\curvesapi-1.04.jar C:\Users\Dell\Downloads\poi-3.16\lib\junit-4.12.jar C:\Users\Dell\Downloads\poi-3.16\lib\log4j-1.2.17.jar C:\Users\Dell\Downloads\poi-3.16\lib\poi-3.16.jar C:\Users\Dell\Downloads\poi-3.16\lib\poi-examples-3.16.jar C:\Users\Dell\Downloads\poi-3.16\lib\poi-excelant-3.16.jar C:\Users\Dell\Downloads\poi-3.16\lib\poi-ooxml-3.16.jar C:\Users\Dell\Downloads\poi-3.16\lib\poi-ooxml-schemas-3.16.jar C:\Users\Dell\Downloads\poi-3.16\lib\poi-scratchpad-3.16.jar C:\Users\Dell\Downloads\poi-3.16\lib\xmlbeans-2.6.0.jar E:\Divya\eclipse\plugins\org.testng.eclipse_6.11.0.201703011520\lib\testng.jar E:\Divya\eclipse\plugins\org.testng.eclipse_6.11.0.201703011520\lib\jcommander.jar E:\Divya\eclipse\plugins\org.testng.eclipse_6.11.0.201703011520\lib\bsh-2.0b4.jar E:\Divya\eclipse\plugins\org.testng.eclipse_6.11.0.201703011520\lib\snakeyaml.jar
  VMArgs:    -ea
  Class:     org.testng.remote.RemoteTestNG
  Args:      -serport 57625 -protocol json -d E:\Divya\Deepthi_Workspace\SeleniumProject\test-output C:\Users\Dell\AppData\Local\Temp\testng-eclipse-10494758\testng-customsuite.xml
java -ea -classpath E:\Divya\eclipse\plugins\org.testng.eclipse_6.11.0.201703011520\lib\testng-remote.jar:E:\Divya\Deepthi_Workspace\SeleniumProject\bin:F:\Cdownloads\selenium-server-standalone-2.53.1.jar:C:\Users\Dell\Downloads\poi-3.16\lib\commons-codec-1.10.jar:C:\Users\Dell\Downloads\poi-3.16\lib\commons-collections4-4.1.jar:C:\Users\Dell\Downloads\poi-3.16\lib\commons-logging-1.2.jar:C:\Users\Dell\Downloads\poi-3.16\lib\curvesapi-1.04.jar:C:\Users\Dell\Downloads\poi-3.16\lib\junit-4.12.jar:C:\Users\Dell\Downloads\poi-3.16\lib\log4j-1.2.17.jar:C:\Users\Dell\Downloads\poi-3.16\lib\poi-3.16.jar:C:\Users\Dell\Downloads\poi-3.16\lib\poi-examples-3.16.jar:C:\Users\Dell\Downloads\poi-3.16\lib\poi-excelant-3.16.jar:C:\Users\Dell\Downloads\poi-3.16\lib\poi-ooxml-3.16.jar:C:\Users\Dell\Downloads\poi-3.16\lib\poi-ooxml-schemas-3.16.jar:C:\Users\Dell\Downloads\poi-3.16\lib\poi-scratchpad-3.16.jar:C:\Users\Dell\Downloads\poi-3.16\lib\xmlbeans-2.6.0.jar:E:\Divya\eclipse\plugins\org.testng.eclipse_6.11.0.201703011520\lib\testng.jar:E:\Divya\eclipse\plugins\org.testng.eclipse_6.11.0.201703011520\lib\jcommander.jar:E:\Divya\eclipse\plugins\org.testng.eclipse_6.11.0.201703011520\lib\bsh-2.0b4.jar:E:\Divya\eclipse\plugins\org.testng.eclipse_6.11.0.201703011520\lib\snakeyaml.jar org.testng.remote.RemoteTestNG -serport 57625 -protocol json -d E:\Divya\Deepthi_Workspace\SeleniumProject\test-output C:\Users\Dell\AppData\Local\Temp\testng-eclipse-10494758\testng-customsuite.xml

!ENTRY org.testng.eclipse 1 0 2017-07-26 17:08:22.064
!MESSAGE [TestNGLaunchConfigurationDelegate] Launching:
  Classpath: E:\Divya\eclipse\plugins\org.testng.eclipse_6.11.0.201703011520\lib\testng-remote.jar E:\Divya\Deepthi_Workspace\SeleniumProject\bin F:\Cdownloads\selenium-server-standalone-2.53.1.jar C:\Users\Dell\Downloads\poi-3.16\lib\commons-codec-1.10.jar C:\Users\Dell\Downloads\poi-3.16\lib\commons-collections4-4.1.jar C:\Users\Dell\Downloads\poi-3.16\lib\commons-logging-1.2.jar C:\Users\Dell\Downloads\poi-3.16\lib\curvesapi-1.04.jar C:\Users\Dell\Downloads\poi-3.16\lib\junit-4.12.jar C:\Users\Dell\Downloads\poi-3.16\lib\log4j-1.2.17.jar C:\Users\Dell\Downloads\poi-3.16\lib\poi-3.16.jar C:\Users\Dell\Downloads\poi-3.16\lib\poi-examples-3.16.jar C:\Users\Dell\Downloads\poi-3.16\lib\poi-excelant-3.16.jar C:\Users\Dell\Downloads\poi-3.16\lib\poi-ooxml-3.16.jar C:\Users\Dell\Downloads\poi-3.16\lib\poi-ooxml-schemas-3.16.jar C:\Users\Dell\Downloads\poi-3.16\lib\poi-scratchpad-3.16.jar C:\Users\Dell\Downloads\poi-3.16\lib\xmlbeans-2.6.0.jar E:\Divya\eclipse\plugins\org.testng.eclipse_6.11.0.201703011520\lib\testng.jar E:\Divya\eclipse\plugins\org.testng.eclipse_6.11.0.201703011520\lib\jcommander.jar E:\Divya\eclipse\plugins\org.testng.eclipse_6.11.0.201703011520\lib\bsh-2.0b4.jar E:\Divya\eclipse\plugins\org.testng.eclipse_6.11.0.201703011520\lib\snakeyaml.jar
  VMArgs:    -ea
  Class:     org.testng.remote.RemoteTestNG
  Args:      -serport 57636 -protocol json -d E:\Divya\Deepthi_Workspace\SeleniumProject\test-output C:\Users\Dell\AppData\Local\Temp\testng-eclipse--623925529\testng-customsuite.xml
java -ea -classpath E:\Divya\eclipse\plugins\org.testng.eclipse_6.11.0.201703011520\lib\testng-remote.jar:E:\Divya\Deepthi_Workspace\SeleniumProject\bin:F:\Cdownloads\selenium-server-standalone-2.53.1.jar:C:\Users\Dell\Downloads\poi-3.16\lib\commons-codec-1.10.jar:C:\Users\Dell\Downloads\poi-3.16\lib\commons-collections4-4.1.jar:C:\Users\Dell\Downloads\poi-3.16\lib\commons-logging-1.2.jar:C:\Users\Dell\Downloads\poi-3.16\lib\curvesapi-1.04.jar:C:\Users\Dell\Downloads\poi-3.16\lib\junit-4.12.jar:C:\Users\Dell\Downloads\poi-3.16\lib\log4j-1.2.17.jar:C:\Users\Dell\Downloads\poi-3.16\lib\poi-3.16.jar:C:\Users\Dell\Downloads\poi-3.16\lib\poi-examples-3.16.jar:C:\Users\Dell\Downloads\poi-3.16\lib\poi-excelant-3.16.jar:C:\Users\Dell\Downloads\poi-3.16\lib\poi-ooxml-3.16.jar:C:\Users\Dell\Downloads\poi-3.16\lib\poi-ooxml-schemas-3.16.jar:C:\Users\Dell\Downloads\poi-3.16\lib\poi-scratchpad-3.16.jar:C:\Users\Dell\Downloads\poi-3.16\lib\xmlbeans-2.6.0.jar:E:\Divya\eclipse\plugins\org.testng.eclipse_6.11.0.201703011520\lib\testng.jar:E:\Divya\eclipse\plugins\org.testng.eclipse_6.11.0.201703011520\lib\jcommander.jar:E:\Divya\eclipse\plugins\org.testng.eclipse_6.11.0.201703011520\lib\bsh-2.0b4.jar:E:\Divya\eclipse\plugins\org.testng.eclipse_6.11.0.201703011520\lib\snakeyaml.jar org.testng.remote.RemoteTestNG -serport 57636 -protocol json -d E:\Divya\Deepthi_Workspace\SeleniumProject\test-output C:\Users\Dell\AppData\Local\Temp\testng-eclipse--623925529\testng-customsuite.xml

!ENTRY org.testng.eclipse 1 0 2017-07-26 17:10:14.865
!MESSAGE [TestNGLaunchConfigurationDelegate] Launching:
  Classpath: E:\Divya\eclipse\plugins\org.testng.eclipse_6.11.0.201703011520\lib\testng-remote.jar E:\Divya\Deepthi_Workspace\SeleniumProject\bin F:\Cdownloads\selenium-server-standalone-2.53.1.jar C:\Users\Dell\Downloads\poi-3.16\lib\commons-codec-1.10.jar C:\Users\Dell\Downloads\poi-3.16\lib\commons-collections4-4.1.jar C:\Users\Dell\Downloads\poi-3.16\lib\commons-logging-1.2.jar C:\Users\Dell\Downloads\poi-3.16\lib\curvesapi-1.04.jar C:\Users\Dell\Downloads\poi-3.16\lib\junit-4.12.jar C:\Users\Dell\Downloads\poi-3.16\lib\log4j-1.2.17.jar C:\Users\Dell\Downloads\poi-3.16\lib\poi-3.16.jar C:\Users\Dell\Downloads\poi-3.16\lib\poi-examples-3.16.jar C:\Users\Dell\Downloads\poi-3.16\lib\poi-excelant-3.16.jar C:\Users\Dell\Downloads\poi-3.16\lib\poi-ooxml-3.16.jar C:\Users\Dell\Downloads\poi-3.16\lib\poi-ooxml-schemas-3.16.jar C:\Users\Dell\Downloads\poi-3.16\lib\poi-scratchpad-3.16.jar C:\Users\Dell\Downloads\poi-3.16\lib\xmlbeans-2.6.0.jar E:\Divya\eclipse\plugins\org.testng.eclipse_6.11.0.201703011520\lib\testng.jar E:\Divya\eclipse\plugins\org.testng.eclipse_6.11.0.201703011520\lib\jcommander.jar E:\Divya\eclipse\plugins\org.testng.eclipse_6.11.0.201703011520\lib\bsh-2.0b4.jar E:\Divya\eclipse\plugins\org.testng.eclipse_6.11.0.201703011520\lib\snakeyaml.jar
  VMArgs:    -ea
  Class:     org.testng.remote.RemoteTestNG
  Args:      -serport 57662 -protocol json -d E:\Divya\Deepthi_Workspace\SeleniumProject\test-output C:\Users\Dell\AppData\Local\Temp\testng-eclipse--771483572\testng-customsuite.xml
java -ea -classpath E:\Divya\eclipse\plugins\org.testng.eclipse_6.11.0.201703011520\lib\testng-remote.jar:E:\Divya\Deepthi_Workspace\SeleniumProject\bin:F:\Cdownloads\selenium-server-standalone-2.53.1.jar:C:\Users\Dell\Downloads\poi-3.16\lib\commons-codec-1.10.jar:C:\Users\Dell\Downloads\poi-3.16\lib\commons-collections4-4.1.jar:C:\Users\Dell\Downloads\poi-3.16\lib\commons-logging-1.2.jar:C:\Users\Dell\Downloads\poi-3.16\lib\curvesapi-1.04.jar:C:\Users\Dell\Downloads\poi-3.16\lib\junit-4.12.jar:C:\Users\Dell\Downloads\poi-3.16\lib\log4j-1.2.17.jar:C:\Users\Dell\Downloads\poi-3.16\lib\poi-3.16.jar:C:\Users\Dell\Downloads\poi-3.16\lib\poi-examples-3.16.jar:C:\Users\Dell\Downloads\poi-3.16\lib\poi-excelant-3.16.jar:C:\Users\Dell\Downloads\poi-3.16\lib\poi-ooxml-3.16.jar:C:\Users\Dell\Downloads\poi-3.16\lib\poi-ooxml-schemas-3.16.jar:C:\Users\Dell\Downloads\poi-3.16\lib\poi-scratchpad-3.16.jar:C:\Users\Dell\Downloads\poi-3.16\lib\xmlbeans-2.6.0.jar:E:\Divya\eclipse\plugins\org.testng.eclipse_6.11.0.201703011520\lib\testng.jar:E:\Divya\eclipse\plugins\org.testng.eclipse_6.11.0.201703011520\lib\jcommander.jar:E:\Divya\eclipse\plugins\org.testng.eclipse_6.11.0.201703011520\lib\bsh-2.0b4.jar:E:\Divya\eclipse\plugins\org.testng.eclipse_6.11.0.201703011520\lib\snakeyaml.jar org.testng.remote.RemoteTestNG -serport 57662 -protocol json -d E:\Divya\Deepthi_Workspace\SeleniumProject\test-output C:\Users\Dell\AppData\Local\Temp\testng-eclipse--771483572\testng-customsuite.xml
!SESSION 2017-07-27 14:19:41.520 -----------------------------------------------
eclipse.buildId=4.4.2.M20150204-1700
java.version=1.8.0_131
java.vendor=Oracle Corporation
BootLoader constants: OS=win32, ARCH=x86_64, WS=win32, NL=en_US
Framework arguments:  -product org.eclipse.epp.package.java.product
Command-line arguments:  -os win32 -ws win32 -arch x86_64 -product org.eclipse.epp.package.java.product

!ENTRY org.eclipse.egit.ui 2 0 2017-07-27 14:20:14.790
!MESSAGE Warning: EGit couldn't detect the installation path "gitPrefix" of native Git. Hence EGit can't respect system level
Git settings which might be configured in ${gitPrefix}/etc/gitconfig under the native Git installation directory.
The most important of these settings is core.autocrlf. Git for Windows by default sets this parameter to true in
this system level configuration. The Git installation location can be configured on the
Team > Git > Configuration preference page's 'System Settings' tab.
This warning can be switched off on the Team > Git > Confirmations and Warnings preference page.

!ENTRY org.eclipse.egit.ui 2 0 2017-07-27 14:20:14.804
!MESSAGE Warning: The environment variable HOME is not set. The following directory will be used to store the Git
user global configuration and to define the default location to store repositories: 'C:\Users\Dell'. If this is
not correct please set the HOME environment variable and restart Eclipse. Otherwise Git for Windows and
EGit might behave differently since they see different configuration options.
This warning can be switched off on the Team > Git > Confirmations and Warnings preference page.

!ENTRY org.testng.eclipse 1 0 2017-07-27 14:37:24.045
!MESSAGE [TestNGLaunchConfigurationDelegate] Launching:
  Classpath: E:\Divya\eclipse\plugins\org.testng.eclipse_6.11.0.201703011520\lib\testng-remote.jar E:\Divya\Deepthi_Workspace\SeleniumProject\bin F:\Cdownloads\selenium-server-standalone-2.53.1.jar C:\Users\Dell\Downloads\poi-3.16\lib\commons-codec-1.10.jar C:\Users\Dell\Downloads\poi-3.16\lib\commons-collections4-4.1.jar C:\Users\Dell\Downloads\poi-3.16\lib\commons-logging-1.2.jar C:\Users\Dell\Downloads\poi-3.16\lib\curvesapi-1.04.jar C:\Users\Dell\Downloads\poi-3.16\lib\junit-4.12.jar C:\Users\Dell\Downloads\poi-3.16\lib\log4j-1.2.17.jar C:\Users\Dell\Downloads\poi-3.16\lib\poi-3.16.jar C:\Users\Dell\Downloads\poi-3.16\lib\poi-examples-3.16.jar C:\Users\Dell\Downloads\poi-3.16\lib\poi-excelant-3.16.jar C:\Users\Dell\Downloads\poi-3.16\lib\poi-ooxml-3.16.jar C:\Users\Dell\Downloads\poi-3.16\lib\poi-ooxml-schemas-3.16.jar C:\Users\Dell\Downloads\poi-3.16\lib\poi-scratchpad-3.16.jar C:\Users\Dell\Downloads\poi-3.16\lib\xmlbeans-2.6.0.jar E:\Divya\eclipse\plugins\org.testng.eclipse_6.11.0.201703011520\lib\testng.jar E:\Divya\eclipse\plugins\org.testng.eclipse_6.11.0.201703011520\lib\jcommander.jar E:\Divya\eclipse\plugins\org.testng.eclipse_6.11.0.201703011520\lib\bsh-2.0b4.jar E:\Divya\eclipse\plugins\org.testng.eclipse_6.11.0.201703011520\lib\snakeyaml.jar
  VMArgs:    -ea
  Class:     org.testng.remote.RemoteTestNG
  Args:      -serport 52003 -protocol json -d E:\Divya\Deepthi_Workspace\SeleniumProject\test-output C:\Users\Dell\AppData\Local\Temp\testng-eclipse--1963339447\testng-customsuite.xml
java -ea -classpath E:\Divya\eclipse\plugins\org.testng.eclipse_6.11.0.201703011520\lib\testng-remote.jar:E:\Divya\Deepthi_Workspace\SeleniumProject\bin:F:\Cdownloads\selenium-server-standalone-2.53.1.jar:C:\Users\Dell\Downloads\poi-3.16\lib\commons-codec-1.10.jar:C:\Users\Dell\Downloads\poi-3.16\lib\commons-collections4-4.1.jar:C:\Users\Dell\Downloads\poi-3.16\lib\commons-logging-1.2.jar:C:\Users\Dell\Downloads\poi-3.16\lib\curvesapi-1.04.jar:C:\Users\Dell\Downloads\poi-3.16\lib\junit-4.12.jar:C:\Users\Dell\Downloads\poi-3.16\lib\log4j-1.2.17.jar:C:\Users\Dell\Downloads\poi-3.16\lib\poi-3.16.jar:C:\Users\Dell\Downloads\poi-3.16\lib\poi-examples-3.16.jar:C:\Users\Dell\Downloads\poi-3.16\lib\poi-excelant-3.16.jar:C:\Users\Dell\Downloads\poi-3.16\lib\poi-ooxml-3.16.jar:C:\Users\Dell\Downloads\poi-3.16\lib\poi-ooxml-schemas-3.16.jar:C:\Users\Dell\Downloads\poi-3.16\lib\poi-scratchpad-3.16.jar:C:\Users\Dell\Downloads\poi-3.16\lib\xmlbeans-2.6.0.jar:E:\Divya\eclipse\plugins\org.testng.eclipse_6.11.0.201703011520\lib\testng.jar:E:\Divya\eclipse\plugins\org.testng.eclipse_6.11.0.201703011520\lib\jcommander.jar:E:\Divya\eclipse\plugins\org.testng.eclipse_6.11.0.201703011520\lib\bsh-2.0b4.jar:E:\Divya\eclipse\plugins\org.testng.eclipse_6.11.0.201703011520\lib\snakeyaml.jar org.testng.remote.RemoteTestNG -serport 52003 -protocol json -d E:\Divya\Deepthi_Workspace\SeleniumProject\test-output C:\Users\Dell\AppData\Local\Temp\testng-eclipse--1963339447\testng-customsuite.xml

!ENTRY org.testng.eclipse 1 0 2017-07-27 14:40:53.535
!MESSAGE [TestNGLaunchConfigurationDelegate] Launching:
  Classpath: E:\Divya\eclipse\plugins\org.testng.eclipse_6.11.0.201703011520\lib\testng-remote.jar E:\Divya\Deepthi_Workspace\SeleniumProject\bin F:\Cdownloads\selenium-server-standalone-2.53.1.jar C:\Users\Dell\Downloads\poi-3.16\lib\commons-codec-1.10.jar C:\Users\Dell\Downloads\poi-3.16\lib\commons-collections4-4.1.jar C:\Users\Dell\Downloads\poi-3.16\lib\commons-logging-1.2.jar C:\Users\Dell\Downloads\poi-3.16\lib\curvesapi-1.04.jar C:\Users\Dell\Downloads\poi-3.16\lib\junit-4.12.jar C:\Users\Dell\Downloads\poi-3.16\lib\log4j-1.2.17.jar C:\Users\Dell\Downloads\poi-3.16\lib\poi-3.16.jar C:\Users\Dell\Downloads\poi-3.16\lib\poi-examples-3.16.jar C:\Users\Dell\Downloads\poi-3.16\lib\poi-excelant-3.16.jar C:\Users\Dell\Downloads\poi-3.16\lib\poi-ooxml-3.16.jar C:\Users\Dell\Downloads\poi-3.16\lib\poi-ooxml-schemas-3.16.jar C:\Users\Dell\Downloads\poi-3.16\lib\poi-scratchpad-3.16.jar C:\Users\Dell\Downloads\poi-3.16\lib\xmlbeans-2.6.0.jar E:\Divya\eclipse\plugins\org.testng.eclipse_6.11.0.201703011520\lib\testng.jar E:\Divya\eclipse\plugins\org.testng.eclipse_6.11.0.201703011520\lib\jcommander.jar E:\Divya\eclipse\plugins\org.testng.eclipse_6.11.0.201703011520\lib\bsh-2.0b4.jar E:\Divya\eclipse\plugins\org.testng.eclipse_6.11.0.201703011520\lib\snakeyaml.jar
  VMArgs:    -ea
  Class:     org.testng.remote.RemoteTestNG
  Args:      -serport 52114 -protocol json -d E:\Divya\Deepthi_Workspace\SeleniumProject\test-output C:\Users\Dell\AppData\Local\Temp\testng-eclipse--304952907\testng-customsuite.xml
java -ea -classpath E:\Divya\eclipse\plugins\org.testng.eclipse_6.11.0.201703011520\lib\testng-remote.jar:E:\Divya\Deepthi_Workspace\SeleniumProject\bin:F:\Cdownloads\selenium-server-standalone-2.53.1.jar:C:\Users\Dell\Downloads\poi-3.16\lib\commons-codec-1.10.jar:C:\Users\Dell\Downloads\poi-3.16\lib\commons-collections4-4.1.jar:C:\Users\Dell\Downloads\poi-3.16\lib\commons-logging-1.2.jar:C:\Users\Dell\Downloads\poi-3.16\lib\curvesapi-1.04.jar:C:\Users\Dell\Downloads\poi-3.16\lib\junit-4.12.jar:C:\Users\Dell\Downloads\poi-3.16\lib\log4j-1.2.17.jar:C:\Users\Dell\Downloads\poi-3.16\lib\poi-3.16.jar:C:\Users\Dell\Downloads\poi-3.16\lib\poi-examples-3.16.jar:C:\Users\Dell\Downloads\poi-3.16\lib\poi-excelant-3.16.jar:C:\Users\Dell\Downloads\poi-3.16\lib\poi-ooxml-3.16.jar:C:\Users\Dell\Downloads\poi-3.16\lib\poi-ooxml-schemas-3.16.jar:C:\Users\Dell\Downloads\poi-3.16\lib\poi-scratchpad-3.16.jar:C:\Users\Dell\Downloads\poi-3.16\lib\xmlbeans-2.6.0.jar:E:\Divya\eclipse\plugins\org.testng.eclipse_6.11.0.201703011520\lib\testng.jar:E:\Divya\eclipse\plugins\org.testng.eclipse_6.11.0.201703011520\lib\jcommander.jar:E:\Divya\eclipse\plugins\org.testng.eclipse_6.11.0.201703011520\lib\bsh-2.0b4.jar:E:\Divya\eclipse\plugins\org.testng.eclipse_6.11.0.201703011520\lib\snakeyaml.jar org.testng.remote.RemoteTestNG -serport 52114 -protocol json -d E:\Divya\Deepthi_Workspace\SeleniumProject\test-output C:\Users\Dell\AppData\Local\Temp\testng-eclipse--304952907\testng-customsuite.xml

!ENTRY org.testng.eclipse 1 0 2017-07-27 14:48:15.256
!MESSAGE [TestNGLaunchConfigurationDelegate] Launching:
  Classpath: E:\Divya\eclipse\plugins\org.testng.eclipse_6.11.0.201703011520\lib\testng-remote.jar E:\Divya\Deepthi_Workspace\SeleniumProject\bin F:\Cdownloads\selenium-server-standalone-2.53.1.jar C:\Users\Dell\Downloads\poi-3.16\lib\commons-codec-1.10.jar C:\Users\Dell\Downloads\poi-3.16\lib\commons-collections4-4.1.jar C:\Users\Dell\Downloads\poi-3.16\lib\commons-logging-1.2.jar C:\Users\Dell\Downloads\poi-3.16\lib\curvesapi-1.04.jar C:\Users\Dell\Downloads\poi-3.16\lib\junit-4.12.jar C:\Users\Dell\Downloads\poi-3.16\lib\log4j-1.2.17.jar C:\Users\Dell\Downloads\poi-3.16\lib\poi-3.16.jar C:\Users\Dell\Downloads\poi-3.16\lib\poi-examples-3.16.jar C:\Users\Dell\Downloads\poi-3.16\lib\poi-excelant-3.16.jar C:\Users\Dell\Downloads\poi-3.16\lib\poi-ooxml-3.16.jar C:\Users\Dell\Downloads\poi-3.16\lib\poi-ooxml-schemas-3.16.jar C:\Users\Dell\Downloads\poi-3.16\lib\poi-scratchpad-3.16.jar C:\Users\Dell\Downloads\poi-3.16\lib\xmlbeans-2.6.0.jar E:\Divya\eclipse\plugins\org.testng.eclipse_6.11.0.201703011520\lib\testng.jar E:\Divya\eclipse\plugins\org.testng.eclipse_6.11.0.201703011520\lib\jcommander.jar E:\Divya\eclipse\plugins\org.testng.eclipse_6.11.0.201703011520\lib\bsh-2.0b4.jar E:\Divya\eclipse\plugins\org.testng.eclipse_6.11.0.201703011520\lib\snakeyaml.jar
  VMArgs:    -ea
  Class:     org.testng.remote.RemoteTestNG
  Args:      -serport 52308 -protocol json -d E:\Divya\Deepthi_Workspace\SeleniumProject\test-output E:\Divya\Deepthi_Workspace\SeleniumProject\testng.xml
java -ea -classpath E:\Divya\eclipse\plugins\org.testng.eclipse_6.11.0.201703011520\lib\testng-remote.jar:E:\Divya\Deepthi_Workspace\SeleniumProject\bin:F:\Cdownloads\selenium-server-standalone-2.53.1.jar:C:\Users\Dell\Downloads\poi-3.16\lib\commons-codec-1.10.jar:C:\Users\Dell\Downloads\poi-3.16\lib\commons-collections4-4.1.jar:C:\Users\Dell\Downloads\poi-3.16\lib\commons-logging-1.2.jar:C:\Users\Dell\Downloads\poi-3.16\lib\curvesapi-1.04.jar:C:\Users\Dell\Downloads\poi-3.16\lib\junit-4.12.jar:C:\Users\Dell\Downloads\poi-3.16\lib\log4j-1.2.17.jar:C:\Users\Dell\Downloads\poi-3.16\lib\poi-3.16.jar:C:\Users\Dell\Downloads\poi-3.16\lib\poi-examples-3.16.jar:C:\Users\Dell\Downloads\poi-3.16\lib\poi-excelant-3.16.jar:C:\Users\Dell\Downloads\poi-3.16\lib\poi-ooxml-3.16.jar:C:\Users\Dell\Downloads\poi-3.16\lib\poi-ooxml-schemas-3.16.jar:C:\Users\Dell\Downloads\poi-3.16\lib\poi-scratchpad-3.16.jar:C:\Users\Dell\Downloads\poi-3.16\lib\xmlbeans-2.6.0.jar:E:\Divya\eclipse\plugins\org.testng.eclipse_6.11.0.201703011520\lib\testng.jar:E:\Divya\eclipse\plugins\org.testng.eclipse_6.11.0.201703011520\lib\jcommander.jar:E:\Divya\eclipse\plugins\org.testng.eclipse_6.11.0.201703011520\lib\bsh-2.0b4.jar:E:\Divya\eclipse\plugins\org.testng.eclipse_6.11.0.201703011520\lib\snakeyaml.jar org.testng.remote.RemoteTestNG -serport 52308 -protocol json -d E:\Divya\Deepthi_Workspace\SeleniumProject\test-output E:\Divya\Deepthi_Workspace\SeleniumProject\testng.xml

!ENTRY org.testng.eclipse 1 0 2017-07-27 14:58:32.248
!MESSAGE [TestNGLaunchConfigurationDelegate] Launching:
  Classpath: E:\Divya\eclipse\plugins\org.testng.eclipse_6.11.0.201703011520\lib\testng-remote.jar E:\Divya\Deepthi_Workspace\SeleniumProject\bin F:\Cdownloads\selenium-server-standalone-2.53.1.jar C:\Users\Dell\Downloads\poi-3.16\lib\commons-codec-1.10.jar C:\Users\Dell\Downloads\poi-3.16\lib\commons-collections4-4.1.jar C:\Users\Dell\Downloads\poi-3.16\lib\commons-logging-1.2.jar C:\Users\Dell\Downloads\poi-3.16\lib\curvesapi-1.04.jar C:\Users\Dell\Downloads\poi-3.16\lib\junit-4.12.jar C:\Users\Dell\Downloads\poi-3.16\lib\log4j-1.2.17.jar C:\Users\Dell\Downloads\poi-3.16\lib\poi-3.16.jar C:\Users\Dell\Downloads\poi-3.16\lib\poi-examples-3.16.jar C:\Users\Dell\Downloads\poi-3.16\lib\poi-excelant-3.16.jar C:\Users\Dell\Downloads\poi-3.16\lib\poi-ooxml-3.16.jar C:\Users\Dell\Downloads\poi-3.16\lib\poi-ooxml-schemas-3.16.jar C:\Users\Dell\Downloads\poi-3.16\lib\poi-scratchpad-3.16.jar C:\Users\Dell\Downloads\poi-3.16\lib\xmlbeans-2.6.0.jar E:\Divya\eclipse\plugins\org.testng.eclipse_6.11.0.201703011520\lib\testng.jar E:\Divya\eclipse\plugins\org.testng.eclipse_6.11.0.201703011520\lib\jcommander.jar E:\Divya\eclipse\plugins\org.testng.eclipse_6.11.0.201703011520\lib\bsh-2.0b4.jar E:\Divya\eclipse\plugins\org.testng.eclipse_6.11.0.201703011520\lib\snakeyaml.jar
  VMArgs:    -ea
  Class:     org.testng.remote.RemoteTestNG
  Args:      -serport 52533 -protocol json -d E:\Divya\Deepthi_Workspace\SeleniumProject\test-output C:\Users\Dell\AppData\Local\Temp\testng-eclipse--1861942526\testng-customsuite.xml
java -ea -classpath E:\Divya\eclipse\plugins\org.testng.eclipse_6.11.0.201703011520\lib\testng-remote.jar:E:\Divya\Deepthi_Workspace\SeleniumProject\bin:F:\Cdownloads\selenium-server-standalone-2.53.1.jar:C:\Users\Dell\Downloads\poi-3.16\lib\commons-codec-1.10.jar:C:\Users\Dell\Downloads\poi-3.16\lib\commons-collections4-4.1.jar:C:\Users\Dell\Downloads\poi-3.16\lib\commons-logging-1.2.jar:C:\Users\Dell\Downloads\poi-3.16\lib\curvesapi-1.04.jar:C:\Users\Dell\Downloads\poi-3.16\lib\junit-4.12.jar:C:\Users\Dell\Downloads\poi-3.16\lib\log4j-1.2.17.jar:C:\Users\Dell\Downloads\poi-3.16\lib\poi-3.16.jar:C:\Users\Dell\Downloads\poi-3.16\lib\poi-examples-3.16.jar:C:\Users\Dell\Downloads\poi-3.16\lib\poi-excelant-3.16.jar:C:\Users\Dell\Downloads\poi-3.16\lib\poi-ooxml-3.16.jar:C:\Users\Dell\Downloads\poi-3.16\lib\poi-ooxml-schemas-3.16.jar:C:\Users\Dell\Downloads\poi-3.16\lib\poi-scratchpad-3.16.jar:C:\Users\Dell\Downloads\poi-3.16\lib\xmlbeans-2.6.0.jar:E:\Divya\eclipse\plugins\org.testng.eclipse_6.11.0.201703011520\lib\testng.jar:E:\Divya\eclipse\plugins\org.testng.eclipse_6.11.0.201703011520\lib\jcommander.jar:E:\Divya\eclipse\plugins\org.testng.eclipse_6.11.0.201703011520\lib\bsh-2.0b4.jar:E:\Divya\eclipse\plugins\org.testng.eclipse_6.11.0.201703011520\lib\snakeyaml.jar org.testng.remote.RemoteTestNG -serport 52533 -protocol json -d E:\Divya\Deepthi_Workspace\SeleniumProject\test-output C:\Users\Dell\AppData\Local\Temp\testng-eclipse--1861942526\testng-customsuite.xml

!ENTRY org.testng.eclipse 1 0 2017-07-27 16:24:59.122
!MESSAGE [TestNGLaunchConfigurationDelegate] Launching:
  Classpath: E:\Divya\eclipse\plugins\org.testng.eclipse_6.11.0.201703011520\lib\testng-remote.jar E:\Divya\Deepthi_Workspace\SeleniumProject\bin F:\Cdownloads\selenium-server-standalone-2.53.1.jar C:\Users\Dell\Downloads\poi-3.16\lib\commons-codec-1.10.jar C:\Users\Dell\Downloads\poi-3.16\lib\commons-collections4-4.1.jar C:\Users\Dell\Downloads\poi-3.16\lib\commons-logging-1.2.jar C:\Users\Dell\Downloads\poi-3.16\lib\curvesapi-1.04.jar C:\Users\Dell\Downloads\poi-3.16\lib\junit-4.12.jar C:\Users\Dell\Downloads\poi-3.16\lib\log4j-1.2.17.jar C:\Users\Dell\Downloads\poi-3.16\lib\poi-3.16.jar C:\Users\Dell\Downloads\poi-3.16\lib\poi-examples-3.16.jar C:\Users\Dell\Downloads\poi-3.16\lib\poi-excelant-3.16.jar C:\Users\Dell\Downloads\poi-3.16\lib\poi-ooxml-3.16.jar C:\Users\Dell\Downloads\poi-3.16\lib\poi-ooxml-schemas-3.16.jar C:\Users\Dell\Downloads\poi-3.16\lib\poi-scratchpad-3.16.jar C:\Users\Dell\Downloads\poi-3.16\lib\xmlbeans-2.6.0.jar E:\Divya\eclipse\plugins\org.testng.eclipse_6.11.0.201703011520\lib\testng.jar E:\Divya\eclipse\plugins\org.testng.eclipse_6.11.0.201703011520\lib\jcommander.jar E:\Divya\eclipse\plugins\org.testng.eclipse_6.11.0.201703011520\lib\bsh-2.0b4.jar E:\Divya\eclipse\plugins\org.testng.eclipse_6.11.0.201703011520\lib\snakeyaml.jar
  VMArgs:    -ea
  Class:     org.testng.remote.RemoteTestNG
  Args:      -serport 54611 -protocol json -d E:\Divya\Deepthi_Workspace\SeleniumProject\test-output C:\Users\Dell\AppData\Local\Temp\testng-eclipse-2085629854\testng-customsuite.xml
java -ea -classpath E:\Divya\eclipse\plugins\org.testng.eclipse_6.11.0.201703011520\lib\testng-remote.jar:E:\Divya\Deepthi_Workspace\SeleniumProject\bin:F:\Cdownloads\selenium-server-standalone-2.53.1.jar:C:\Users\Dell\Downloads\poi-3.16\lib\commons-codec-1.10.jar:C:\Users\Dell\Downloads\poi-3.16\lib\commons-collections4-4.1.jar:C:\Users\Dell\Downloads\poi-3.16\lib\commons-logging-1.2.jar:C:\Users\Dell\Downloads\poi-3.16\lib\curvesapi-1.04.jar:C:\Users\Dell\Downloads\poi-3.16\lib\junit-4.12.jar:C:\Users\Dell\Downloads\poi-3.16\lib\log4j-1.2.17.jar:C:\Users\Dell\Downloads\poi-3.16\lib\poi-3.16.jar:C:\Users\Dell\Downloads\poi-3.16\lib\poi-examples-3.16.jar:C:\Users\Dell\Downloads\poi-3.16\lib\poi-excelant-3.16.jar:C:\Users\Dell\Downloads\poi-3.16\lib\poi-ooxml-3.16.jar:C:\Users\Dell\Downloads\poi-3.16\lib\poi-ooxml-schemas-3.16.jar:C:\Users\Dell\Downloads\poi-3.16\lib\poi-scratchpad-3.16.jar:C:\Users\Dell\Downloads\poi-3.16\lib\xmlbeans-2.6.0.jar:E:\Divya\eclipse\plugins\org.testng.eclipse_6.11.0.201703011520\lib\testng.jar:E:\Divya\eclipse\plugins\org.testng.eclipse_6.11.0.201703011520\lib\jcommander.jar:E:\Divya\eclipse\plugins\org.testng.eclipse_6.11.0.201703011520\lib\bsh-2.0b4.jar:E:\Divya\eclipse\plugins\org.testng.eclipse_6.11.0.201703011520\lib\snakeyaml.jar org.testng.remote.RemoteTestNG -serport 54611 -protocol json -d E:\Divya\Deepthi_Workspace\SeleniumProject\test-output C:\Users\Dell\AppData\Local\Temp\testng-eclipse-2085629854\testng-customsuite.xml

!ENTRY org.testng.eclipse 1 0 2017-07-27 16:29:48.174
!MESSAGE [TestNGLaunchConfigurationDelegate] Launching:
  Classpath: E:\Divya\eclipse\plugins\org.testng.eclipse_6.11.0.201703011520\lib\testng-remote.jar E:\Divya\Deepthi_Workspace\SeleniumProject\bin F:\Cdownloads\selenium-server-standalone-2.53.1.jar C:\Users\Dell\Downloads\poi-3.16\lib\commons-codec-1.10.jar C:\Users\Dell\Downloads\poi-3.16\lib\commons-collections4-4.1.jar C:\Users\Dell\Downloads\poi-3.16\lib\commons-logging-1.2.jar C:\Users\Dell\Downloads\poi-3.16\lib\curvesapi-1.04.jar C:\Users\Dell\Downloads\poi-3.16\lib\junit-4.12.jar C:\Users\Dell\Downloads\poi-3.16\lib\log4j-1.2.17.jar C:\Users\Dell\Downloads\poi-3.16\lib\poi-3.16.jar C:\Users\Dell\Downloads\poi-3.16\lib\poi-examples-3.16.jar C:\Users\Dell\Downloads\poi-3.16\lib\poi-excelant-3.16.jar C:\Users\Dell\Downloads\poi-3.16\lib\poi-ooxml-3.16.jar C:\Users\Dell\Downloads\poi-3.16\lib\poi-ooxml-schemas-3.16.jar C:\Users\Dell\Downloads\poi-3.16\lib\poi-scratchpad-3.16.jar C:\Users\Dell\Downloads\poi-3.16\lib\xmlbeans-2.6.0.jar E:\Divya\eclipse\plugins\org.testng.eclipse_6.11.0.201703011520\lib\testng.jar E:\Divya\eclipse\plugins\org.testng.eclipse_6.11.0.201703011520\lib\jcommander.jar E:\Divya\eclipse\plugins\org.testng.eclipse_6.11.0.201703011520\lib\bsh-2.0b4.jar E:\Divya\eclipse\plugins\org.testng.eclipse_6.11.0.201703011520\lib\snakeyaml.jar
  VMArgs:    -ea
  Class:     org.testng.remote.RemoteTestNG
  Args:      -serport 54734 -protocol json -d E:\Divya\Deepthi_Workspace\SeleniumProject\test-output C:\Users\Dell\AppData\Local\Temp\testng-eclipse--558553935\testng-customsuite.xml
java -ea -classpath E:\Divya\eclipse\plugins\org.testng.eclipse_6.11.0.201703011520\lib\testng-remote.jar:E:\Divya\Deepthi_Workspace\SeleniumProject\bin:F:\Cdownloads\selenium-server-standalone-2.53.1.jar:C:\Users\Dell\Downloads\poi-3.16\lib\commons-codec-1.10.jar:C:\Users\Dell\Downloads\poi-3.16\lib\commons-collections4-4.1.jar:C:\Users\Dell\Downloads\poi-3.16\lib\commons-logging-1.2.jar:C:\Users\Dell\Downloads\poi-3.16\lib\curvesapi-1.04.jar:C:\Users\Dell\Downloads\poi-3.16\lib\junit-4.12.jar:C:\Users\Dell\Downloads\poi-3.16\lib\log4j-1.2.17.jar:C:\Users\Dell\Downloads\poi-3.16\lib\poi-3.16.jar:C:\Users\Dell\Downloads\poi-3.16\lib\poi-examples-3.16.jar:C:\Users\Dell\Downloads\poi-3.16\lib\poi-excelant-3.16.jar:C:\Users\Dell\Downloads\poi-3.16\lib\poi-ooxml-3.16.jar:C:\Users\Dell\Downloads\poi-3.16\lib\poi-ooxml-schemas-3.16.jar:C:\Users\Dell\Downloads\poi-3.16\lib\poi-scratchpad-3.16.jar:C:\Users\Dell\Downloads\poi-3.16\lib\xmlbeans-2.6.0.jar:E:\Divya\eclipse\plugins\org.testng.eclipse_6.11.0.201703011520\lib\testng.jar:E:\Divya\eclipse\plugins\org.testng.eclipse_6.11.0.201703011520\lib\jcommander.jar:E:\Divya\eclipse\plugins\org.testng.eclipse_6.11.0.201703011520\lib\bsh-2.0b4.jar:E:\Divya\eclipse\plugins\org.testng.eclipse_6.11.0.201703011520\lib\snakeyaml.jar org.testng.remote.RemoteTestNG -serport 54734 -protocol json -d E:\Divya\Deepthi_Workspace\SeleniumProject\test-output C:\Users\Dell\AppData\Local\Temp\testng-eclipse--558553935\testng-customsuite.xml
!SESSION 2017-08-02 14:28:11.736 -----------------------------------------------
eclipse.buildId=4.4.2.M20150204-1700
java.version=1.8.0_131
java.vendor=Oracle Corporation
BootLoader constants: OS=win32, ARCH=x86_64, WS=win32, NL=en_US
Framework arguments:  -product org.eclipse.epp.package.java.product
Command-line arguments:  -os win32 -ws win32 -arch x86_64 -product org.eclipse.epp.package.java.product

!ENTRY org.eclipse.egit.ui 2 0 2017-08-02 14:28:44.203
!MESSAGE Warning: EGit couldn't detect the installation path "gitPrefix" of native Git. Hence EGit can't respect system level
Git settings which might be configured in ${gitPrefix}/etc/gitconfig under the native Git installation directory.
The most important of these settings is core.autocrlf. Git for Windows by default sets this parameter to true in
this system level configuration. The Git installation location can be configured on the
Team > Git > Configuration preference page's 'System Settings' tab.
This warning can be switched off on the Team > Git > Confirmations and Warnings preference page.

!ENTRY org.eclipse.egit.ui 2 0 2017-08-02 14:28:44.225
!MESSAGE Warning: The environment variable HOME is not set. The following directory will be used to store the Git
user global configuration and to define the default location to store repositories: 'C:\Users\Dell'. If this is
not correct please set the HOME environment variable and restart Eclipse. Otherwise Git for Windows and
EGit might behave differently since they see different configuration options.
This warning can be switched off on the Team > Git > Confirmations and Warnings preference page.

!ENTRY org.eclipse.jdt.junit.core 4 4 2017-08-02 15:04:14.847
!MESSAGE Error
!STACK 0
java.lang.Exception: Unexpected TestElement type for testId '3': TestSuite: Scenario: Login Test : Not Started - Undefined (4)
	at org.eclipse.jdt.internal.junit.model.TestRunSession$TestSessionNotifier.logUnexpectedTest(TestRunSession.java:737)
	at org.eclipse.jdt.internal.junit.model.TestRunSession$TestSessionNotifier.testStarted(TestRunSession.java:641)
	at org.eclipse.jdt.internal.junit.model.RemoteTestRunnerClient$5.run(RemoteTestRunnerClient.java:535)
	at org.eclipse.core.runtime.SafeRunner.run(SafeRunner.java:42)
	at org.eclipse.jdt.internal.junit.model.RemoteTestRunnerClient.notifyTestStarted(RemoteTestRunnerClient.java:532)
	at org.eclipse.jdt.internal.junit.model.RemoteTestRunnerClient.access$6(RemoteTestRunnerClient.java:527)
	at org.eclipse.jdt.internal.junit.model.RemoteTestRunnerClient$DefaultProcessingState.readMessage(RemoteTestRunnerClient.java:87)
	at org.eclipse.jdt.internal.junit.model.RemoteTestRunnerClient.receiveMessage(RemoteTestRunnerClient.java:375)
	at org.eclipse.jdt.internal.junit.model.RemoteTestRunnerClient.access$27(RemoteTestRunnerClient.java:374)
	at org.eclipse.jdt.internal.junit.model.RemoteTestRunnerClient$ServerConnection.run(RemoteTestRunnerClient.java:272)

!ENTRY org.eclipse.jdt.junit.core 4 4 2017-08-02 15:04:14.971
!MESSAGE Error
!STACK 0
java.lang.Exception: Unexpected TestElement type for testId '3': TestSuite: Scenario: Login Test : Completed - OK (4)
	at org.eclipse.jdt.internal.junit.model.TestRunSession$TestSessionNotifier.logUnexpectedTest(TestRunSession.java:737)
	at org.eclipse.jdt.internal.junit.model.TestRunSession$TestSessionNotifier.testStarted(TestRunSession.java:641)
	at org.eclipse.jdt.internal.junit.model.RemoteTestRunnerClient$5.run(RemoteTestRunnerClient.java:535)
	at org.eclipse.core.runtime.SafeRunner.run(SafeRunner.java:42)
	at org.eclipse.jdt.internal.junit.model.RemoteTestRunnerClient.notifyTestStarted(RemoteTestRunnerClient.java:532)
	at org.eclipse.jdt.internal.junit.model.RemoteTestRunnerClient.access$6(RemoteTestRunnerClient.java:527)
	at org.eclipse.jdt.internal.junit.model.RemoteTestRunnerClient$DefaultProcessingState.readMessage(RemoteTestRunnerClient.java:87)
	at org.eclipse.jdt.internal.junit.model.RemoteTestRunnerClient.receiveMessage(RemoteTestRunnerClient.java:375)
	at org.eclipse.jdt.internal.junit.model.RemoteTestRunnerClient.access$27(RemoteTestRunnerClient.java:374)
	at org.eclipse.jdt.internal.junit.model.RemoteTestRunnerClient$ServerConnection.run(RemoteTestRunnerClient.java:272)

!ENTRY org.eclipse.jdt.junit.core 4 4 2017-08-02 15:04:14.972
!MESSAGE Error
!STACK 0
java.lang.Exception: Unexpected TestElement type for testId '3': TestSuite: Scenario: Login Test : Completed - OK (4)
	at org.eclipse.jdt.internal.junit.model.TestRunSession$TestSessionNotifier.logUnexpectedTest(TestRunSession.java:737)
	at org.eclipse.jdt.internal.junit.model.TestRunSession$TestSessionNotifier.testEnded(TestRunSession.java:667)
	at org.eclipse.jdt.internal.junit.model.RemoteTestRunnerClient$4.run(RemoteTestRunnerClient.java:521)
	at org.eclipse.core.runtime.SafeRunner.run(SafeRunner.java:42)
	at org.eclipse.jdt.internal.junit.model.RemoteTestRunnerClient.notifyTestEnded(RemoteTestRunnerClient.java:518)
	at org.eclipse.jdt.internal.junit.model.RemoteTestRunnerClient.access$7(RemoteTestRunnerClient.java:513)
	at org.eclipse.jdt.internal.junit.model.RemoteTestRunnerClient$DefaultProcessingState.readMessage(RemoteTestRunnerClient.java:91)
	at org.eclipse.jdt.internal.junit.model.RemoteTestRunnerClient.receiveMessage(RemoteTestRunnerClient.java:375)
	at org.eclipse.jdt.internal.junit.model.RemoteTestRunnerClient.access$27(RemoteTestRunnerClient.java:374)
	at org.eclipse.jdt.internal.junit.model.RemoteTestRunnerClient$ServerConnection.run(RemoteTestRunnerClient.java:272)

!ENTRY org.eclipse.jdt.junit.core 4 4 2017-08-02 15:04:14.973
!MESSAGE Error
!STACK 0
java.lang.Exception: Unexpected TestElement type for testId '8': TestSuite: Scenario: Logout Test : Not Started - Undefined (3)
	at org.eclipse.jdt.internal.junit.model.TestRunSession$TestSessionNotifier.logUnexpectedTest(TestRunSession.java:737)
	at org.eclipse.jdt.internal.junit.model.TestRunSession$TestSessionNotifier.testStarted(TestRunSession.java:641)
	at org.eclipse.jdt.internal.junit.model.RemoteTestRunnerClient$5.run(RemoteTestRunnerClient.java:535)
	at org.eclipse.core.runtime.SafeRunner.run(SafeRunner.java:42)
	at org.eclipse.jdt.internal.junit.model.RemoteTestRunnerClient.notifyTestStarted(RemoteTestRunnerClient.java:532)
	at org.eclipse.jdt.internal.junit.model.RemoteTestRunnerClient.access$6(RemoteTestRunnerClient.java:527)
	at org.eclipse.jdt.internal.junit.model.RemoteTestRunnerClient$DefaultProcessingState.readMessage(RemoteTestRunnerClient.java:87)
	at org.eclipse.jdt.internal.junit.model.RemoteTestRunnerClient.receiveMessage(RemoteTestRunnerClient.java:375)
	at org.eclipse.jdt.internal.junit.model.RemoteTestRunnerClient.access$27(RemoteTestRunnerClient.java:374)
	at org.eclipse.jdt.internal.junit.model.RemoteTestRunnerClient$ServerConnection.run(RemoteTestRunnerClient.java:272)

!ENTRY org.eclipse.jdt.junit.core 4 4 2017-08-02 15:04:14.975
!MESSAGE Error
!STACK 0
java.lang.Exception: Unexpected TestElement type for testId '8': TestSuite: Scenario: Logout Test : Completed - OK (3)
	at org.eclipse.jdt.internal.junit.model.TestRunSession$TestSessionNotifier.logUnexpectedTest(TestRunSession.java:737)
	at org.eclipse.jdt.internal.junit.model.TestRunSession$TestSessionNotifier.testStarted(TestRunSession.java:641)
	at org.eclipse.jdt.internal.junit.model.RemoteTestRunnerClient$5.run(RemoteTestRunnerClient.java:535)
	at org.eclipse.core.runtime.SafeRunner.run(SafeRunner.java:42)
	at org.eclipse.jdt.internal.junit.model.RemoteTestRunnerClient.notifyTestStarted(RemoteTestRunnerClient.java:532)
	at org.eclipse.jdt.internal.junit.model.RemoteTestRunnerClient.access$6(RemoteTestRunnerClient.java:527)
	at org.eclipse.jdt.internal.junit.model.RemoteTestRunnerClient$DefaultProcessingState.readMessage(RemoteTestRunnerClient.java:87)
	at org.eclipse.jdt.internal.junit.model.RemoteTestRunnerClient.receiveMessage(RemoteTestRunnerClient.java:375)
	at org.eclipse.jdt.internal.junit.model.RemoteTestRunnerClient.access$27(RemoteTestRunnerClient.java:374)
	at org.eclipse.jdt.internal.junit.model.RemoteTestRunnerClient$ServerConnection.run(RemoteTestRunnerClient.java:272)

!ENTRY org.eclipse.jdt.junit.core 4 4 2017-08-02 15:04:14.977
!MESSAGE Error
!STACK 0
java.lang.Exception: Unexpected TestElement type for testId '8': TestSuite: Scenario: Logout Test : Completed - OK (3)
	at org.eclipse.jdt.internal.junit.model.TestRunSession$TestSessionNotifier.logUnexpectedTest(TestRunSession.java:737)
	at org.eclipse.jdt.internal.junit.model.TestRunSession$TestSessionNotifier.testEnded(TestRunSession.java:667)
	at org.eclipse.jdt.internal.junit.model.RemoteTestRunnerClient$4.run(RemoteTestRunnerClient.java:521)
	at org.eclipse.core.runtime.SafeRunner.run(SafeRunner.java:42)
	at org.eclipse.jdt.internal.junit.model.RemoteTestRunnerClient.notifyTestEnded(RemoteTestRunnerClient.java:518)
	at org.eclipse.jdt.internal.junit.model.RemoteTestRunnerClient.access$7(RemoteTestRunnerClient.java:513)
	at org.eclipse.jdt.internal.junit.model.RemoteTestRunnerClient$DefaultProcessingState.readMessage(RemoteTestRunnerClient.java:91)
	at org.eclipse.jdt.internal.junit.model.RemoteTestRunnerClient.receiveMessage(RemoteTestRunnerClient.java:375)
	at org.eclipse.jdt.internal.junit.model.RemoteTestRunnerClient.access$27(RemoteTestRunnerClient.java:374)
	at org.eclipse.jdt.internal.junit.model.RemoteTestRunnerClient$ServerConnection.run(RemoteTestRunnerClient.java:272)

!ENTRY org.eclipse.jdt.junit.core 4 4 2017-08-02 15:13:57.820
!MESSAGE Error
!STACK 0
java.lang.Exception: Unexpected TestElement type for testId '3': TestSuite: Scenario: Login Test : Not Started - Undefined (4)
	at org.eclipse.jdt.internal.junit.model.TestRunSession$TestSessionNotifier.logUnexpectedTest(TestRunSession.java:737)
	at org.eclipse.jdt.internal.junit.model.TestRunSession$TestSessionNotifier.testStarted(TestRunSession.java:641)
	at org.eclipse.jdt.internal.junit.model.RemoteTestRunnerClient$5.run(RemoteTestRunnerClient.java:535)
	at org.eclipse.core.runtime.SafeRunner.run(SafeRunner.java:42)
	at org.eclipse.jdt.internal.junit.model.RemoteTestRunnerClient.notifyTestStarted(RemoteTestRunnerClient.java:532)
	at org.eclipse.jdt.internal.junit.model.RemoteTestRunnerClient.access$6(RemoteTestRunnerClient.java:527)
	at org.eclipse.jdt.internal.junit.model.RemoteTestRunnerClient$DefaultProcessingState.readMessage(RemoteTestRunnerClient.java:87)
	at org.eclipse.jdt.internal.junit.model.RemoteTestRunnerClient.receiveMessage(RemoteTestRunnerClient.java:375)
	at org.eclipse.jdt.internal.junit.model.RemoteTestRunnerClient.access$27(RemoteTestRunnerClient.java:374)
	at org.eclipse.jdt.internal.junit.model.RemoteTestRunnerClient$ServerConnection.run(RemoteTestRunnerClient.java:272)

!ENTRY org.eclipse.jdt.junit.core 4 4 2017-08-02 15:14:11.605
!MESSAGE Error
!STACK 0
java.lang.Exception: Unexpected TestElement type for testId '3': TestSuite: Scenario: Login Test : Completed - OK (4)
	at org.eclipse.jdt.internal.junit.model.TestRunSession$TestSessionNotifier.logUnexpectedTest(TestRunSession.java:737)
	at org.eclipse.jdt.internal.junit.model.TestRunSession$TestSessionNotifier.testEnded(TestRunSession.java:667)
	at org.eclipse.jdt.internal.junit.model.RemoteTestRunnerClient$4.run(RemoteTestRunnerClient.java:521)
	at org.eclipse.core.runtime.SafeRunner.run(SafeRunner.java:42)
	at org.eclipse.jdt.internal.junit.model.RemoteTestRunnerClient.notifyTestEnded(RemoteTestRunnerClient.java:518)
	at org.eclipse.jdt.internal.junit.model.RemoteTestRunnerClient.access$7(RemoteTestRunnerClient.java:513)
	at org.eclipse.jdt.internal.junit.model.RemoteTestRunnerClient$DefaultProcessingState.readMessage(RemoteTestRunnerClient.java:91)
	at org.eclipse.jdt.internal.junit.model.RemoteTestRunnerClient.receiveMessage(RemoteTestRunnerClient.java:375)
	at org.eclipse.jdt.internal.junit.model.RemoteTestRunnerClient.access$27(RemoteTestRunnerClient.java:374)
	at org.eclipse.jdt.internal.junit.model.RemoteTestRunnerClient$ServerConnection.run(RemoteTestRunnerClient.java:272)

!ENTRY org.eclipse.jdt.junit.core 4 4 2017-08-02 15:14:11.606
!MESSAGE Error
!STACK 0
java.lang.Exception: Unexpected TestElement type for testId '8': TestSuite: Scenario: Logout Test : Not Started - Undefined (3)
	at org.eclipse.jdt.internal.junit.model.TestRunSession$TestSessionNotifier.logUnexpectedTest(TestRunSession.java:737)
	at org.eclipse.jdt.internal.junit.model.TestRunSession$TestSessionNotifier.testStarted(TestRunSession.java:641)
	at org.eclipse.jdt.internal.junit.model.RemoteTestRunnerClient$5.run(RemoteTestRunnerClient.java:535)
	at org.eclipse.core.runtime.SafeRunner.run(SafeRunner.java:42)
	at org.eclipse.jdt.internal.junit.model.RemoteTestRunnerClient.notifyTestStarted(RemoteTestRunnerClient.java:532)
	at org.eclipse.jdt.internal.junit.model.RemoteTestRunnerClient.access$6(RemoteTestRunnerClient.java:527)
	at org.eclipse.jdt.internal.junit.model.RemoteTestRunnerClient$DefaultProcessingState.readMessage(RemoteTestRunnerClient.java:87)
	at org.eclipse.jdt.internal.junit.model.RemoteTestRunnerClient.receiveMessage(RemoteTestRunnerClient.java:375)
	at org.eclipse.jdt.internal.junit.model.RemoteTestRunnerClient.access$27(RemoteTestRunnerClient.java:374)
	at org.eclipse.jdt.internal.junit.model.RemoteTestRunnerClient$ServerConnection.run(RemoteTestRunnerClient.java:272)

!ENTRY org.eclipse.jdt.junit.core 4 4 2017-08-02 15:14:16.115
!MESSAGE Error
!STACK 0
java.lang.Exception: Unexpected TestElement type for testId '8': TestSuite: Scenario: Logout Test : Completed - OK (3)
	at org.eclipse.jdt.internal.junit.model.TestRunSession$TestSessionNotifier.logUnexpectedTest(TestRunSession.java:737)
	at org.eclipse.jdt.internal.junit.model.TestRunSession$TestSessionNotifier.testEnded(TestRunSession.java:667)
	at org.eclipse.jdt.internal.junit.model.RemoteTestRunnerClient$4.run(RemoteTestRunnerClient.java:521)
	at org.eclipse.core.runtime.SafeRunner.run(SafeRunner.java:42)
	at org.eclipse.jdt.internal.junit.model.RemoteTestRunnerClient.notifyTestEnded(RemoteTestRunnerClient.java:518)
	at org.eclipse.jdt.internal.junit.model.RemoteTestRunnerClient.access$7(RemoteTestRunnerClient.java:513)
	at org.eclipse.jdt.internal.junit.model.RemoteTestRunnerClient$DefaultProcessingState.readMessage(RemoteTestRunnerClient.java:91)
	at org.eclipse.jdt.internal.junit.model.RemoteTestRunnerClient.receiveMessage(RemoteTestRunnerClient.java:375)
	at org.eclipse.jdt.internal.junit.model.RemoteTestRunnerClient.access$27(RemoteTestRunnerClient.java:374)
	at org.eclipse.jdt.internal.junit.model.RemoteTestRunnerClient$ServerConnection.run(RemoteTestRunnerClient.java:272)

!ENTRY org.testng.eclipse 1 0 2017-08-02 15:34:51.517
!MESSAGE [TestNGLaunchConfigurationDelegate] Launching:
  Classpath: E:\Divya\eclipse\plugins\org.testng.eclipse_6.11.0.201703011520\lib\testng-remote.jar E:\Divya\Deepthi_Workspace\SeleniumProject\bin F:\Cdownloads\selenium-server-standalone-2.53.1.jar C:\Users\Dell\Downloads\poi-3.16\lib\commons-codec-1.10.jar C:\Users\Dell\Downloads\poi-3.16\lib\commons-collections4-4.1.jar C:\Users\Dell\Downloads\poi-3.16\lib\commons-logging-1.2.jar C:\Users\Dell\Downloads\poi-3.16\lib\curvesapi-1.04.jar C:\Users\Dell\Downloads\poi-3.16\lib\junit-4.12.jar C:\Users\Dell\Downloads\poi-3.16\lib\log4j-1.2.17.jar C:\Users\Dell\Downloads\poi-3.16\lib\poi-3.16.jar C:\Users\Dell\Downloads\poi-3.16\lib\poi-examples-3.16.jar C:\Users\Dell\Downloads\poi-3.16\lib\poi-excelant-3.16.jar C:\Users\Dell\Downloads\poi-3.16\lib\poi-ooxml-3.16.jar C:\Users\Dell\Downloads\poi-3.16\lib\poi-ooxml-schemas-3.16.jar C:\Users\Dell\Downloads\poi-3.16\lib\poi-scratchpad-3.16.jar C:\Users\Dell\Downloads\poi-3.16\lib\xmlbeans-2.6.0.jar E:\Divya\eclipse\plugins\org.testng.eclipse_6.11.0.201703011520\lib\testng.jar E:\Divya\eclipse\plugins\org.testng.eclipse_6.11.0.201703011520\lib\jcommander.jar E:\Divya\eclipse\plugins\org.testng.eclipse_6.11.0.201703011520\lib\bsh-2.0b4.jar E:\Divya\eclipse\plugins\org.testng.eclipse_6.11.0.201703011520\lib\snakeyaml.jar
  VMArgs:    -ea
  Class:     org.testng.remote.RemoteTestNG
  Args:      -serport 63968 -protocol json -d E:\Divya\Deepthi_Workspace\SeleniumProject\test-output C:\Users\Dell\AppData\Local\Temp\testng-eclipse-1701864989\testng-customsuite.xml
java -ea -classpath E:\Divya\eclipse\plugins\org.testng.eclipse_6.11.0.201703011520\lib\testng-remote.jar:E:\Divya\Deepthi_Workspace\SeleniumProject\bin:F:\Cdownloads\selenium-server-standalone-2.53.1.jar:C:\Users\Dell\Downloads\poi-3.16\lib\commons-codec-1.10.jar:C:\Users\Dell\Downloads\poi-3.16\lib\commons-collections4-4.1.jar:C:\Users\Dell\Downloads\poi-3.16\lib\commons-logging-1.2.jar:C:\Users\Dell\Downloads\poi-3.16\lib\curvesapi-1.04.jar:C:\Users\Dell\Downloads\poi-3.16\lib\junit-4.12.jar:C:\Users\Dell\Downloads\poi-3.16\lib\log4j-1.2.17.jar:C:\Users\Dell\Downloads\poi-3.16\lib\poi-3.16.jar:C:\Users\Dell\Downloads\poi-3.16\lib\poi-examples-3.16.jar:C:\Users\Dell\Downloads\poi-3.16\lib\poi-excelant-3.16.jar:C:\Users\Dell\Downloads\poi-3.16\lib\poi-ooxml-3.16.jar:C:\Users\Dell\Downloads\poi-3.16\lib\poi-ooxml-schemas-3.16.jar:C:\Users\Dell\Downloads\poi-3.16\lib\poi-scratchpad-3.16.jar:C:\Users\Dell\Downloads\poi-3.16\lib\xmlbeans-2.6.0.jar:E:\Divya\eclipse\plugins\org.testng.eclipse_6.11.0.201703011520\lib\testng.jar:E:\Divya\eclipse\plugins\org.testng.eclipse_6.11.0.201703011520\lib\jcommander.jar:E:\Divya\eclipse\plugins\org.testng.eclipse_6.11.0.201703011520\lib\bsh-2.0b4.jar:E:\Divya\eclipse\plugins\org.testng.eclipse_6.11.0.201703011520\lib\snakeyaml.jar org.testng.remote.RemoteTestNG -serport 63968 -protocol json -d E:\Divya\Deepthi_Workspace\SeleniumProject\test-output C:\Users\Dell\AppData\Local\Temp\testng-eclipse-1701864989\testng-customsuite.xml

!ENTRY org.testng.eclipse 1 0 2017-08-02 15:44:23.202
!MESSAGE [TestNGLaunchConfigurationDelegate] Launching:
  Classpath: E:\Divya\eclipse\plugins\org.testng.eclipse_6.11.0.201703011520\lib\testng-remote.jar E:\Divya\Deepthi_Workspace\SeleniumProject\bin F:\Cdownloads\selenium-server-standalone-2.53.1.jar C:\Users\Dell\Downloads\poi-3.16\lib\commons-codec-1.10.jar C:\Users\Dell\Downloads\poi-3.16\lib\commons-collections4-4.1.jar C:\Users\Dell\Downloads\poi-3.16\lib\commons-logging-1.2.jar C:\Users\Dell\Downloads\poi-3.16\lib\curvesapi-1.04.jar C:\Users\Dell\Downloads\poi-3.16\lib\junit-4.12.jar C:\Users\Dell\Downloads\poi-3.16\lib\log4j-1.2.17.jar C:\Users\Dell\Downloads\poi-3.16\lib\poi-3.16.jar C:\Users\Dell\Downloads\poi-3.16\lib\poi-examples-3.16.jar C:\Users\Dell\Downloads\poi-3.16\lib\poi-excelant-3.16.jar C:\Users\Dell\Downloads\poi-3.16\lib\poi-ooxml-3.16.jar C:\Users\Dell\Downloads\poi-3.16\lib\poi-ooxml-schemas-3.16.jar C:\Users\Dell\Downloads\poi-3.16\lib\poi-scratchpad-3.16.jar C:\Users\Dell\Downloads\poi-3.16\lib\xmlbeans-2.6.0.jar E:\Divya\eclipse\plugins\org.testng.eclipse_6.11.0.201703011520\lib\testng.jar E:\Divya\eclipse\plugins\org.testng.eclipse_6.11.0.201703011520\lib\jcommander.jar E:\Divya\eclipse\plugins\org.testng.eclipse_6.11.0.201703011520\lib\bsh-2.0b4.jar E:\Divya\eclipse\plugins\org.testng.eclipse_6.11.0.201703011520\lib\snakeyaml.jar
  VMArgs:    -ea
  Class:     org.testng.remote.RemoteTestNG
  Args:      -serport 64380 -protocol json -d E:\Divya\Deepthi_Workspace\SeleniumProject\test-output C:\Users\Dell\AppData\Local\Temp\testng-eclipse-1756490586\testng-customsuite.xml
java -ea -classpath E:\Divya\eclipse\plugins\org.testng.eclipse_6.11.0.201703011520\lib\testng-remote.jar:E:\Divya\Deepthi_Workspace\SeleniumProject\bin:F:\Cdownloads\selenium-server-standalone-2.53.1.jar:C:\Users\Dell\Downloads\poi-3.16\lib\commons-codec-1.10.jar:C:\Users\Dell\Downloads\poi-3.16\lib\commons-collections4-4.1.jar:C:\Users\Dell\Downloads\poi-3.16\lib\commons-logging-1.2.jar:C:\Users\Dell\Downloads\poi-3.16\lib\curvesapi-1.04.jar:C:\Users\Dell\Downloads\poi-3.16\lib\junit-4.12.jar:C:\Users\Dell\Downloads\poi-3.16\lib\log4j-1.2.17.jar:C:\Users\Dell\Downloads\poi-3.16\lib\poi-3.16.jar:C:\Users\Dell\Downloads\poi-3.16\lib\poi-examples-3.16.jar:C:\Users\Dell\Downloads\poi-3.16\lib\poi-excelant-3.16.jar:C:\Users\Dell\Downloads\poi-3.16\lib\poi-ooxml-3.16.jar:C:\Users\Dell\Downloads\poi-3.16\lib\poi-ooxml-schemas-3.16.jar:C:\Users\Dell\Downloads\poi-3.16\lib\poi-scratchpad-3.16.jar:C:\Users\Dell\Downloads\poi-3.16\lib\xmlbeans-2.6.0.jar:E:\Divya\eclipse\plugins\org.testng.eclipse_6.11.0.201703011520\lib\testng.jar:E:\Divya\eclipse\plugins\org.testng.eclipse_6.11.0.201703011520\lib\jcommander.jar:E:\Divya\eclipse\plugins\org.testng.eclipse_6.11.0.201703011520\lib\bsh-2.0b4.jar:E:\Divya\eclipse\plugins\org.testng.eclipse_6.11.0.201703011520\lib\snakeyaml.jar org.testng.remote.RemoteTestNG -serport 64380 -protocol json -d E:\Divya\Deepthi_Workspace\SeleniumProject\test-output C:\Users\Dell\AppData\Local\Temp\testng-eclipse-1756490586\testng-customsuite.xml

!ENTRY org.testng.eclipse 1 0 2017-08-02 15:53:58.583
!MESSAGE [TestNGLaunchConfigurationDelegate] Launching:
  Classpath: E:\Divya\eclipse\plugins\org.testng.eclipse_6.11.0.201703011520\lib\testng-remote.jar E:\Divya\Deepthi_Workspace\SeleniumProject\bin F:\Cdownloads\selenium-server-standalone-2.53.1.jar C:\Users\Dell\Downloads\poi-3.16\lib\commons-codec-1.10.jar C:\Users\Dell\Downloads\poi-3.16\lib\commons-collections4-4.1.jar C:\Users\Dell\Downloads\poi-3.16\lib\commons-logging-1.2.jar C:\Users\Dell\Downloads\poi-3.16\lib\curvesapi-1.04.jar C:\Users\Dell\Downloads\poi-3.16\lib\junit-4.12.jar C:\Users\Dell\Downloads\poi-3.16\lib\log4j-1.2.17.jar C:\Users\Dell\Downloads\poi-3.16\lib\poi-3.16.jar C:\Users\Dell\Downloads\poi-3.16\lib\poi-examples-3.16.jar C:\Users\Dell\Downloads\poi-3.16\lib\poi-excelant-3.16.jar C:\Users\Dell\Downloads\poi-3.16\lib\poi-ooxml-3.16.jar C:\Users\Dell\Downloads\poi-3.16\lib\poi-ooxml-schemas-3.16.jar C:\Users\Dell\Downloads\poi-3.16\lib\poi-scratchpad-3.16.jar C:\Users\Dell\Downloads\poi-3.16\lib\xmlbeans-2.6.0.jar E:\Divya\eclipse\plugins\org.testng.eclipse_6.11.0.201703011520\lib\testng.jar E:\Divya\eclipse\plugins\org.testng.eclipse_6.11.0.201703011520\lib\jcommander.jar E:\Divya\eclipse\plugins\org.testng.eclipse_6.11.0.201703011520\lib\bsh-2.0b4.jar E:\Divya\eclipse\plugins\org.testng.eclipse_6.11.0.201703011520\lib\snakeyaml.jar
  VMArgs:    -ea
  Class:     org.testng.remote.RemoteTestNG
  Args:      -serport 64784 -protocol json -d E:\Divya\Deepthi_Workspace\SeleniumProject\test-output E:\Divya\Deepthi_Workspace\SeleniumProject\testng.xml
java -ea -classpath E:\Divya\eclipse\plugins\org.testng.eclipse_6.11.0.201703011520\lib\testng-remote.jar:E:\Divya\Deepthi_Workspace\SeleniumProject\bin:F:\Cdownloads\selenium-server-standalone-2.53.1.jar:C:\Users\Dell\Downloads\poi-3.16\lib\commons-codec-1.10.jar:C:\Users\Dell\Downloads\poi-3.16\lib\commons-collections4-4.1.jar:C:\Users\Dell\Downloads\poi-3.16\lib\commons-logging-1.2.jar:C:\Users\Dell\Downloads\poi-3.16\lib\curvesapi-1.04.jar:C:\Users\Dell\Downloads\poi-3.16\lib\junit-4.12.jar:C:\Users\Dell\Downloads\poi-3.16\lib\log4j-1.2.17.jar:C:\Users\Dell\Downloads\poi-3.16\lib\poi-3.16.jar:C:\Users\Dell\Downloads\poi-3.16\lib\poi-examples-3.16.jar:C:\Users\Dell\Downloads\poi-3.16\lib\poi-excelant-3.16.jar:C:\Users\Dell\Downloads\poi-3.16\lib\poi-ooxml-3.16.jar:C:\Users\Dell\Downloads\poi-3.16\lib\poi-ooxml-schemas-3.16.jar:C:\Users\Dell\Downloads\poi-3.16\lib\poi-scratchpad-3.16.jar:C:\Users\Dell\Downloads\poi-3.16\lib\xmlbeans-2.6.0.jar:E:\Divya\eclipse\plugins\org.testng.eclipse_6.11.0.201703011520\lib\testng.jar:E:\Divya\eclipse\plugins\org.testng.eclipse_6.11.0.201703011520\lib\jcommander.jar:E:\Divya\eclipse\plugins\org.testng.eclipse_6.11.0.201703011520\lib\bsh-2.0b4.jar:E:\Divya\eclipse\plugins\org.testng.eclipse_6.11.0.201703011520\lib\snakeyaml.jar org.testng.remote.RemoteTestNG -serport 64784 -protocol json -d E:\Divya\Deepthi_Workspace\SeleniumProject\test-output E:\Divya\Deepthi_Workspace\SeleniumProject\testng.xml

!ENTRY org.testng.eclipse 1 0 2017-08-02 15:54:36.764
!MESSAGE [TestNGLaunchConfigurationDelegate] Launching:
  Classpath: E:\Divya\eclipse\plugins\org.testng.eclipse_6.11.0.201703011520\lib\testng-remote.jar E:\Divya\Deepthi_Workspace\SeleniumProject\bin F:\Cdownloads\selenium-server-standalone-2.53.1.jar C:\Users\Dell\Downloads\poi-3.16\lib\commons-codec-1.10.jar C:\Users\Dell\Downloads\poi-3.16\lib\commons-collections4-4.1.jar C:\Users\Dell\Downloads\poi-3.16\lib\commons-logging-1.2.jar C:\Users\Dell\Downloads\poi-3.16\lib\curvesapi-1.04.jar C:\Users\Dell\Downloads\poi-3.16\lib\junit-4.12.jar C:\Users\Dell\Downloads\poi-3.16\lib\log4j-1.2.17.jar C:\Users\Dell\Downloads\poi-3.16\lib\poi-3.16.jar C:\Users\Dell\Downloads\poi-3.16\lib\poi-examples-3.16.jar C:\Users\Dell\Downloads\poi-3.16\lib\poi-excelant-3.16.jar C:\Users\Dell\Downloads\poi-3.16\lib\poi-ooxml-3.16.jar C:\Users\Dell\Downloads\poi-3.16\lib\poi-ooxml-schemas-3.16.jar C:\Users\Dell\Downloads\poi-3.16\lib\poi-scratchpad-3.16.jar C:\Users\Dell\Downloads\poi-3.16\lib\xmlbeans-2.6.0.jar E:\Divya\eclipse\plugins\org.testng.eclipse_6.11.0.201703011520\lib\testng.jar E:\Divya\eclipse\plugins\org.testng.eclipse_6.11.0.201703011520\lib\jcommander.jar E:\Divya\eclipse\plugins\org.testng.eclipse_6.11.0.201703011520\lib\bsh-2.0b4.jar E:\Divya\eclipse\plugins\org.testng.eclipse_6.11.0.201703011520\lib\snakeyaml.jar
  VMArgs:    -ea
  Class:     org.testng.remote.RemoteTestNG
  Args:      -serport 64848 -protocol json -d E:\Divya\Deepthi_Workspace\SeleniumProject\test-output E:\Divya\Deepthi_Workspace\SeleniumProject\testng.xml
java -ea -classpath E:\Divya\eclipse\plugins\org.testng.eclipse_6.11.0.201703011520\lib\testng-remote.jar:E:\Divya\Deepthi_Workspace\SeleniumProject\bin:F:\Cdownloads\selenium-server-standalone-2.53.1.jar:C:\Users\Dell\Downloads\poi-3.16\lib\commons-codec-1.10.jar:C:\Users\Dell\Downloads\poi-3.16\lib\commons-collections4-4.1.jar:C:\Users\Dell\Downloads\poi-3.16\lib\commons-logging-1.2.jar:C:\Users\Dell\Downloads\poi-3.16\lib\curvesapi-1.04.jar:C:\Users\Dell\Downloads\poi-3.16\lib\junit-4.12.jar:C:\Users\Dell\Downloads\poi-3.16\lib\log4j-1.2.17.jar:C:\Users\Dell\Downloads\poi-3.16\lib\poi-3.16.jar:C:\Users\Dell\Downloads\poi-3.16\lib\poi-examples-3.16.jar:C:\Users\Dell\Downloads\poi-3.16\lib\poi-excelant-3.16.jar:C:\Users\Dell\Downloads\poi-3.16\lib\poi-ooxml-3.16.jar:C:\Users\Dell\Downloads\poi-3.16\lib\poi-ooxml-schemas-3.16.jar:C:\Users\Dell\Downloads\poi-3.16\lib\poi-scratchpad-3.16.jar:C:\Users\Dell\Downloads\poi-3.16\lib\xmlbeans-2.6.0.jar:E:\Divya\eclipse\plugins\org.testng.eclipse_6.11.0.201703011520\lib\testng.jar:E:\Divya\eclipse\plugins\org.testng.eclipse_6.11.0.201703011520\lib\jcommander.jar:E:\Divya\eclipse\plugins\org.testng.eclipse_6.11.0.201703011520\lib\bsh-2.0b4.jar:E:\Divya\eclipse\plugins\org.testng.eclipse_6.11.0.201703011520\lib\snakeyaml.jar org.testng.remote.RemoteTestNG -serport 64848 -protocol json -d E:\Divya\Deepthi_Workspace\SeleniumProject\test-output E:\Divya\Deepthi_Workspace\SeleniumProject\testng.xml

!ENTRY org.testng.eclipse 1 0 2017-08-02 15:57:05.924
!MESSAGE [TestNGLaunchConfigurationDelegate] Launching:
  Classpath: E:\Divya\eclipse\plugins\org.testng.eclipse_6.11.0.201703011520\lib\testng-remote.jar E:\Divya\Deepthi_Workspace\SeleniumProject\bin F:\Cdownloads\selenium-server-standalone-2.53.1.jar C:\Users\Dell\Downloads\poi-3.16\lib\commons-codec-1.10.jar C:\Users\Dell\Downloads\poi-3.16\lib\commons-collections4-4.1.jar C:\Users\Dell\Downloads\poi-3.16\lib\commons-logging-1.2.jar C:\Users\Dell\Downloads\poi-3.16\lib\curvesapi-1.04.jar C:\Users\Dell\Downloads\poi-3.16\lib\junit-4.12.jar C:\Users\Dell\Downloads\poi-3.16\lib\log4j-1.2.17.jar C:\Users\Dell\Downloads\poi-3.16\lib\poi-3.16.jar C:\Users\Dell\Downloads\poi-3.16\lib\poi-examples-3.16.jar C:\Users\Dell\Downloads\poi-3.16\lib\poi-excelant-3.16.jar C:\Users\Dell\Downloads\poi-3.16\lib\poi-ooxml-3.16.jar C:\Users\Dell\Downloads\poi-3.16\lib\poi-ooxml-schemas-3.16.jar C:\Users\Dell\Downloads\poi-3.16\lib\poi-scratchpad-3.16.jar C:\Users\Dell\Downloads\poi-3.16\lib\xmlbeans-2.6.0.jar E:\Divya\eclipse\plugins\org.testng.eclipse_6.11.0.201703011520\lib\testng.jar E:\Divya\eclipse\plugins\org.testng.eclipse_6.11.0.201703011520\lib\jcommander.jar E:\Divya\eclipse\plugins\org.testng.eclipse_6.11.0.201703011520\lib\bsh-2.0b4.jar E:\Divya\eclipse\plugins\org.testng.eclipse_6.11.0.201703011520\lib\snakeyaml.jar
  VMArgs:    -ea
  Class:     org.testng.remote.RemoteTestNG
  Args:      -serport 65306 -protocol json -d E:\Divya\Deepthi_Workspace\SeleniumProject\test-output E:\Divya\Deepthi_Workspace\SeleniumProject\testng.xml
java -ea -classpath E:\Divya\eclipse\plugins\org.testng.eclipse_6.11.0.201703011520\lib\testng-remote.jar:E:\Divya\Deepthi_Workspace\SeleniumProject\bin:F:\Cdownloads\selenium-server-standalone-2.53.1.jar:C:\Users\Dell\Downloads\poi-3.16\lib\commons-codec-1.10.jar:C:\Users\Dell\Downloads\poi-3.16\lib\commons-collections4-4.1.jar:C:\Users\Dell\Downloads\poi-3.16\lib\commons-logging-1.2.jar:C:\Users\Dell\Downloads\poi-3.16\lib\curvesapi-1.04.jar:C:\Users\Dell\Downloads\poi-3.16\lib\junit-4.12.jar:C:\Users\Dell\Downloads\poi-3.16\lib\log4j-1.2.17.jar:C:\Users\Dell\Downloads\poi-3.16\lib\poi-3.16.jar:C:\Users\Dell\Downloads\poi-3.16\lib\poi-examples-3.16.jar:C:\Users\Dell\Downloads\poi-3.16\lib\poi-excelant-3.16.jar:C:\Users\Dell\Downloads\poi-3.16\lib\poi-ooxml-3.16.jar:C:\Users\Dell\Downloads\poi-3.16\lib\poi-ooxml-schemas-3.16.jar:C:\Users\Dell\Downloads\poi-3.16\lib\poi-scratchpad-3.16.jar:C:\Users\Dell\Downloads\poi-3.16\lib\xmlbeans-2.6.0.jar:E:\Divya\eclipse\plugins\org.testng.eclipse_6.11.0.201703011520\lib\testng.jar:E:\Divya\eclipse\plugins\org.testng.eclipse_6.11.0.201703011520\lib\jcommander.jar:E:\Divya\eclipse\plugins\org.testng.eclipse_6.11.0.201703011520\lib\bsh-2.0b4.jar:E:\Divya\eclipse\plugins\org.testng.eclipse_6.11.0.201703011520\lib\snakeyaml.jar org.testng.remote.RemoteTestNG -serport 65306 -protocol json -d E:\Divya\Deepthi_Workspace\SeleniumProject\test-output E:\Divya\Deepthi_Workspace\SeleniumProject\testng.xml
!SESSION 2017-08-03 14:22:28.710 -----------------------------------------------
eclipse.buildId=4.4.2.M20150204-1700
java.version=1.8.0_131
java.vendor=Oracle Corporation
BootLoader constants: OS=win32, ARCH=x86_64, WS=win32, NL=en_US
Framework arguments:  -product org.eclipse.epp.package.java.product
Command-line arguments:  -os win32 -ws win32 -arch x86_64 -product org.eclipse.epp.package.java.product

!ENTRY org.eclipse.egit.ui 2 0 2017-08-03 14:23:06.617
!MESSAGE Warning: EGit couldn't detect the installation path "gitPrefix" of native Git. Hence EGit can't respect system level
Git settings which might be configured in ${gitPrefix}/etc/gitconfig under the native Git installation directory.
The most important of these settings is core.autocrlf. Git for Windows by default sets this parameter to true in
this system level configuration. The Git installation location can be configured on the
Team > Git > Configuration preference page's 'System Settings' tab.
This warning can be switched off on the Team > Git > Confirmations and Warnings preference page.

!ENTRY org.eclipse.egit.ui 2 0 2017-08-03 14:23:06.690
!MESSAGE Warning: The environment variable HOME is not set. The following directory will be used to store the Git
user global configuration and to define the default location to store repositories: 'C:\Users\Dell'. If this is
not correct please set the HOME environment variable and restart Eclipse. Otherwise Git for Windows and
EGit might behave differently since they see different configuration options.
This warning can be switched off on the Team > Git > Confirmations and Warnings preference page.

!ENTRY org.eclipse.core.jobs 2 2 2017-08-03 14:53:01.058
!MESSAGE Job found still running after platform shutdown.  Jobs should be canceled by the plugin that scheduled them during shutdown: org.eclipse.m2e.editor.pom.MavenPomEditor$6

!ENTRY org.eclipse.core.jobs 2 2 2017-08-03 14:53:01.060
!MESSAGE Job found still running after platform shutdown.  Jobs should be canceled by the plugin that scheduled them during shutdown: org.eclipse.m2e.editor.pom.MavenPomEditor$6
!SESSION 2017-08-03 14:55:43.276 -----------------------------------------------
eclipse.buildId=4.4.2.M20150204-1700
java.version=1.8.0_131
java.vendor=Oracle Corporation
BootLoader constants: OS=win32, ARCH=x86_64, WS=win32, NL=en_US
Framework arguments:  -product org.eclipse.epp.package.java.product
Command-line arguments:  -os win32 -ws win32 -arch x86_64 -product org.eclipse.epp.package.java.product

!ENTRY org.eclipse.egit.ui 2 0 2017-08-03 14:56:11.364
!MESSAGE Warning: EGit couldn't detect the installation path "gitPrefix" of native Git. Hence EGit can't respect system level
Git settings which might be configured in ${gitPrefix}/etc/gitconfig under the native Git installation directory.
The most important of these settings is core.autocrlf. Git for Windows by default sets this parameter to true in
this system level configuration. The Git installation location can be configured on the
Team > Git > Configuration preference page's 'System Settings' tab.
This warning can be switched off on the Team > Git > Confirmations and Warnings preference page.

!ENTRY org.eclipse.egit.ui 2 0 2017-08-03 14:56:11.366
!MESSAGE Warning: The environment variable HOME is not set. The following directory will be used to store the Git
user global configuration and to define the default location to store repositories: 'C:\Users\Dell'. If this is
not correct please set the HOME environment variable and restart Eclipse. Otherwise Git for Windows and
EGit might behave differently since they see different configuration options.
This warning can be switched off on the Team > Git > Confirmations and Warnings preference page.

!ENTRY org.testng.eclipse 1 0 2017-08-03 15:00:21.948
!MESSAGE [TestNGLaunchConfigurationDelegate] Launching:
  Classpath: E:\Divya\eclipse\plugins\org.testng.eclipse_6.11.0.201703011520\lib\testng-remote.jar C:\Users\Dell\mvnSelenium\target\test-classes C:\Users\Dell\mvnSelenium\target\classes C:\Users\Dell\.m2\repository\javax\servlet\javax.servlet-api\3.1.0\javax.servlet-api-3.1.0.jar C:\Users\Dell\.m2\repository\junit\junit\3.8.1\junit-3.8.1.jar C:\Users\Dell\.m2\repository\org\seleniumhq\selenium\selenium-server\2.53.1\selenium-server-2.53.1.jar C:\Users\Dell\.m2\repository\com\beust\jcommander\1.48\jcommander-1.48.jar C:\Users\Dell\.m2\repository\org\bouncycastle\bcprov-jdk15on\1.48\bcprov-jdk15on-1.48.jar C:\Users\Dell\.m2\repository\org\bouncycastle\bcpkix-jdk15on\1.48\bcpkix-jdk15on-1.48.jar C:\Users\Dell\.m2\repository\mx4j\mx4j-tools\3.0.1\mx4j-tools-3.0.1.jar C:\Users\Dell\.m2\repository\org\seleniumhq\selenium\jetty-repacked\9.2.13.v20150730\jetty-repacked-9.2.13.v20150730.jar C:\Users\Dell\.m2\repository\org\seleniumhq\selenium\jetty-rc-repacked\5\jetty-rc-repacked-5.jar C:\Users\Dell\.m2\repository\net\jcip\jcip-annotations\1.0\jcip-annotations-1.0.jar C:\Users\Dell\.m2\repository\org\seleniumhq\selenium\selenium-java\2.53.1\selenium-java-2.53.1.jar C:\Users\Dell\.m2\repository\org\seleniumhq\selenium\selenium-chrome-driver\2.53.1\selenium-chrome-driver-2.53.1.jar C:\Users\Dell\.m2\repository\org\seleniumhq\selenium\selenium-remote-driver\2.53.1\selenium-remote-driver-2.53.1.jar C:\Users\Dell\.m2\repository\cglib\cglib-nodep\2.1_3\cglib-nodep-2.1_3.jar C:\Users\Dell\.m2\repository\com\google\code\gson\gson\2.3.1\gson-2.3.1.jar C:\Users\Dell\.m2\repository\org\seleniumhq\selenium\selenium-api\2.53.1\selenium-api-2.53.1.jar C:\Users\Dell\.m2\repository\com\google\guava\guava\19.0\guava-19.0.jar C:\Users\Dell\.m2\repository\org\apache\httpcomponents\httpclient\4.5.1\httpclient-4.5.1.jar C:\Users\Dell\.m2\repository\org\apache\httpcomponents\httpcore\4.4.3\httpcore-4.4.3.jar C:\Users\Dell\.m2\repository\commons-logging\commons-logging\1.2\commons-logging-1.2.jar C:\Users\Dell\.m2\repository\commons-codec\commons-codec\1.10\commons-codec-1.10.jar C:\Users\Dell\.m2\repository\org\apache\commons\commons-exec\1.3\commons-exec-1.3.jar C:\Users\Dell\.m2\repository\net\java\dev\jna\jna\4.1.0\jna-4.1.0.jar C:\Users\Dell\.m2\repository\net\java\dev\jna\jna-platform\4.1.0\jna-platform-4.1.0.jar C:\Users\Dell\.m2\repository\org\seleniumhq\selenium\selenium-edge-driver\2.53.1\selenium-edge-driver-2.53.1.jar C:\Users\Dell\.m2\repository\commons-io\commons-io\2.4\commons-io-2.4.jar C:\Users\Dell\.m2\repository\org\seleniumhq\selenium\htmlunit-driver\2.21\htmlunit-driver-2.21.jar C:\Users\Dell\.m2\repository\net\sourceforge\htmlunit\htmlunit\2.21\htmlunit-2.21.jar C:\Users\Dell\.m2\repository\xalan\xalan\2.7.2\xalan-2.7.2.jar C:\Users\Dell\.m2\repository\xalan\serializer\2.7.2\serializer-2.7.2.jar C:\Users\Dell\.m2\repository\org\apache\commons\commons-lang3\3.4\commons-lang3-3.4.jar C:\Users\Dell\.m2\repository\org\apache\httpcomponents\httpmime\4.5.2\httpmime-4.5.2.jar C:\Users\Dell\.m2\repository\net\sourceforge\htmlunit\htmlunit-core-js\2.17\htmlunit-core-js-2.17.jar C:\Users\Dell\.m2\repository\net\sourceforge\htmlunit\neko-htmlunit\2.21\neko-htmlunit-2.21.jar C:\Users\Dell\.m2\repository\xerces\xercesImpl\2.11.0\xercesImpl-2.11.0.jar C:\Users\Dell\.m2\repository\xml-apis\xml-apis\1.4.01\xml-apis-1.4.01.jar C:\Users\Dell\.m2\repository\net\sourceforge\cssparser\cssparser\0.9.18\cssparser-0.9.18.jar C:\Users\Dell\.m2\repository\org\w3c\css\sac\1.3\sac-1.3.jar C:\Users\Dell\.m2\repository\org\eclipse\jetty\websocket\websocket-client\9.2.15.v20160210\websocket-client-9.2.15.v20160210.jar C:\Users\Dell\.m2\repository\org\eclipse\jetty\jetty-util\9.2.15.v20160210\jetty-util-9.2.15.v20160210.jar C:\Users\Dell\.m2\repository\org\eclipse\jetty\jetty-io\9.2.15.v20160210\jetty-io-9.2.15.v20160210.jar C:\Users\Dell\.m2\repository\org\eclipse\jetty\websocket\websocket-common\9.2.15.v20160210\websocket-common-9.2.15.v20160210.jar C:\Users\Dell\.m2\repository\org\eclipse\jetty\websocket\websocket-api\9.2.15.v20160210\websocket-api-9.2.15.v20160210.jar C:\Users\Dell\.m2\repository\commons-collections\commons-collections\3.2.2\commons-collections-3.2.2.jar C:\Users\Dell\.m2\repository\org\seleniumhq\selenium\selenium-firefox-driver\2.53.1\selenium-firefox-driver-2.53.1.jar C:\Users\Dell\.m2\repository\org\seleniumhq\selenium\selenium-ie-driver\2.53.1\selenium-ie-driver-2.53.1.jar C:\Users\Dell\.m2\repository\org\seleniumhq\selenium\selenium-safari-driver\2.53.1\selenium-safari-driver-2.53.1.jar C:\Users\Dell\.m2\repository\io\netty\netty\3.5.7.Final\netty-3.5.7.Final.jar C:\Users\Dell\.m2\repository\org\seleniumhq\selenium\selenium-support\2.53.1\selenium-support-2.53.1.jar C:\Users\Dell\.m2\repository\org\seleniumhq\selenium\selenium-leg-rc\2.53.1\selenium-leg-rc-2.53.1.jar C:\Users\Dell\.m2\repository\org\yaml\snakeyaml\1.8\snakeyaml-1.8.jar C:\Users\Dell\.m2\repository\org\testng\testng\6.11\testng-6.11.jar
  VMArgs:    -ea
  Class:     org.testng.remote.RemoteTestNG
  Args:      -serport 56006 -protocol json -d C:\Users\Dell\mvnSelenium\test-output C:\Users\Dell\AppData\Local\Temp\testng-eclipse-1791750173\testng-customsuite.xml
java -ea -classpath E:\Divya\eclipse\plugins\org.testng.eclipse_6.11.0.201703011520\lib\testng-remote.jar:C:\Users\Dell\mvnSelenium\target\test-classes:C:\Users\Dell\mvnSelenium\target\classes:C:\Users\Dell\.m2\repository\javax\servlet\javax.servlet-api\3.1.0\javax.servlet-api-3.1.0.jar:C:\Users\Dell\.m2\repository\junit\junit\3.8.1\junit-3.8.1.jar:C:\Users\Dell\.m2\repository\org\seleniumhq\selenium\selenium-server\2.53.1\selenium-server-2.53.1.jar:C:\Users\Dell\.m2\repository\com\beust\jcommander\1.48\jcommander-1.48.jar:C:\Users\Dell\.m2\repository\org\bouncycastle\bcprov-jdk15on\1.48\bcprov-jdk15on-1.48.jar:C:\Users\Dell\.m2\repository\org\bouncycastle\bcpkix-jdk15on\1.48\bcpkix-jdk15on-1.48.jar:C:\Users\Dell\.m2\repository\mx4j\mx4j-tools\3.0.1\mx4j-tools-3.0.1.jar:C:\Users\Dell\.m2\repository\org\seleniumhq\selenium\jetty-repacked\9.2.13.v20150730\jetty-repacked-9.2.13.v20150730.jar:C:\Users\Dell\.m2\repository\org\seleniumhq\selenium\jetty-rc-repacked\5\jetty-rc-repacked-5.jar:C:\Users\Dell\.m2\repository\net\jcip\jcip-annotations\1.0\jcip-annotations-1.0.jar:C:\Users\Dell\.m2\repository\org\seleniumhq\selenium\selenium-java\2.53.1\selenium-java-2.53.1.jar:C:\Users\Dell\.m2\repository\org\seleniumhq\selenium\selenium-chrome-driver\2.53.1\selenium-chrome-driver-2.53.1.jar:C:\Users\Dell\.m2\repository\org\seleniumhq\selenium\selenium-remote-driver\2.53.1\selenium-remote-driver-2.53.1.jar:C:\Users\Dell\.m2\repository\cglib\cglib-nodep\2.1_3\cglib-nodep-2.1_3.jar:C:\Users\Dell\.m2\repository\com\google\code\gson\gson\2.3.1\gson-2.3.1.jar:C:\Users\Dell\.m2\repository\org\seleniumhq\selenium\selenium-api\2.53.1\selenium-api-2.53.1.jar:C:\Users\Dell\.m2\repository\com\google\guava\guava\19.0\guava-19.0.jar:C:\Users\Dell\.m2\repository\org\apache\httpcomponents\httpclient\4.5.1\httpclient-4.5.1.jar:C:\Users\Dell\.m2\repository\org\apache\httpcomponents\httpcore\4.4.3\httpcore-4.4.3.jar:C:\Users\Dell\.m2\repository\commons-logging\commons-logging\1.2\commons-logging-1.2.jar:C:\Users\Dell\.m2\repository\commons-codec\commons-codec\1.10\commons-codec-1.10.jar:C:\Users\Dell\.m2\repository\org\apache\commons\commons-exec\1.3\commons-exec-1.3.jar:C:\Users\Dell\.m2\repository\net\java\dev\jna\jna\4.1.0\jna-4.1.0.jar:C:\Users\Dell\.m2\repository\net\java\dev\jna\jna-platform\4.1.0\jna-platform-4.1.0.jar:C:\Users\Dell\.m2\repository\org\seleniumhq\selenium\selenium-edge-driver\2.53.1\selenium-edge-driver-2.53.1.jar:C:\Users\Dell\.m2\repository\commons-io\commons-io\2.4\commons-io-2.4.jar:C:\Users\Dell\.m2\repository\org\seleniumhq\selenium\htmlunit-driver\2.21\htmlunit-driver-2.21.jar:C:\Users\Dell\.m2\repository\net\sourceforge\htmlunit\htmlunit\2.21\htmlunit-2.21.jar:C:\Users\Dell\.m2\repository\xalan\xalan\2.7.2\xalan-2.7.2.jar:C:\Users\Dell\.m2\repository\xalan\serializer\2.7.2\serializer-2.7.2.jar:C:\Users\Dell\.m2\repository\org\apache\commons\commons-lang3\3.4\commons-lang3-3.4.jar:C:\Users\Dell\.m2\repository\org\apache\httpcomponents\httpmime\4.5.2\httpmime-4.5.2.jar:C:\Users\Dell\.m2\repository\net\sourceforge\htmlunit\htmlunit-core-js\2.17\htmlunit-core-js-2.17.jar:C:\Users\Dell\.m2\repository\net\sourceforge\htmlunit\neko-htmlunit\2.21\neko-htmlunit-2.21.jar:C:\Users\Dell\.m2\repository\xerces\xercesImpl\2.11.0\xercesImpl-2.11.0.jar:C:\Users\Dell\.m2\repository\xml-apis\xml-apis\1.4.01\xml-apis-1.4.01.jar:C:\Users\Dell\.m2\repository\net\sourceforge\cssparser\cssparser\0.9.18\cssparser-0.9.18.jar:C:\Users\Dell\.m2\repository\org\w3c\css\sac\1.3\sac-1.3.jar:C:\Users\Dell\.m2\repository\org\eclipse\jetty\websocket\websocket-client\9.2.15.v20160210\websocket-client-9.2.15.v20160210.jar:C:\Users\Dell\.m2\repository\org\eclipse\jetty\jetty-util\9.2.15.v20160210\jetty-util-9.2.15.v20160210.jar:C:\Users\Dell\.m2\repository\org\eclipse\jetty\jetty-io\9.2.15.v20160210\jetty-io-9.2.15.v20160210.jar:C:\Users\Dell\.m2\repository\org\eclipse\jetty\websocket\websocket-common\9.2.15.v20160210\websocket-common-9.2.15.v20160210.jar:C:\Users\Dell\.m2\repository\org\eclipse\jetty\websocket\websocket-api\9.2.15.v20160210\websocket-api-9.2.15.v20160210.jar:C:\Users\Dell\.m2\repository\commons-collections\commons-collections\3.2.2\commons-collections-3.2.2.jar:C:\Users\Dell\.m2\repository\org\seleniumhq\selenium\selenium-firefox-driver\2.53.1\selenium-firefox-driver-2.53.1.jar:C:\Users\Dell\.m2\repository\org\seleniumhq\selenium\selenium-ie-driver\2.53.1\selenium-ie-driver-2.53.1.jar:C:\Users\Dell\.m2\repository\org\seleniumhq\selenium\selenium-safari-driver\2.53.1\selenium-safari-driver-2.53.1.jar:C:\Users\Dell\.m2\repository\io\netty\netty\3.5.7.Final\netty-3.5.7.Final.jar:C:\Users\Dell\.m2\repository\org\seleniumhq\selenium\selenium-support\2.53.1\selenium-support-2.53.1.jar:C:\Users\Dell\.m2\repository\org\seleniumhq\selenium\selenium-leg-rc\2.53.1\selenium-leg-rc-2.53.1.jar:C:\Users\Dell\.m2\repository\org\yaml\snakeyaml\1.8\snakeyaml-1.8.jar:C:\Users\Dell\.m2\repository\org\testng\testng\6.11\testng-6.11.jar org.testng.remote.RemoteTestNG -serport 56006 -protocol json -d C:\Users\Dell\mvnSelenium\test-output C:\Users\Dell\AppData\Local\Temp\testng-eclipse-1791750173\testng-customsuite.xml
!SESSION 2017-08-03 15:04:18.177 -----------------------------------------------
eclipse.buildId=4.4.2.M20150204-1700
java.version=1.8.0_131
java.vendor=Oracle Corporation
BootLoader constants: OS=win32, ARCH=x86_64, WS=win32, NL=en_US
Framework arguments:  -product org.eclipse.epp.package.java.product
Command-line arguments:  -os win32 -ws win32 -arch x86_64 -product org.eclipse.epp.package.java.product

!ENTRY org.eclipse.egit.ui 2 0 2017-08-03 15:04:43.180
!MESSAGE Warning: EGit couldn't detect the installation path "gitPrefix" of native Git. Hence EGit can't respect system level
Git settings which might be configured in ${gitPrefix}/etc/gitconfig under the native Git installation directory.
The most important of these settings is core.autocrlf. Git for Windows by default sets this parameter to true in
this system level configuration. The Git installation location can be configured on the
Team > Git > Configuration preference page's 'System Settings' tab.
This warning can be switched off on the Team > Git > Confirmations and Warnings preference page.

!ENTRY org.eclipse.egit.ui 2 0 2017-08-03 15:04:43.182
!MESSAGE Warning: The environment variable HOME is not set. The following directory will be used to store the Git
user global configuration and to define the default location to store repositories: 'C:\Users\Dell'. If this is
not correct please set the HOME environment variable and restart Eclipse. Otherwise Git for Windows and
EGit might behave differently since they see different configuration options.
This warning can be switched off on the Team > Git > Confirmations and Warnings preference page.
